Using pre-set license
Built from '2022.3/release' branch; Version is '2022.3.0f1 (fb119bb0b476) revision 16454043'; Using compiler version '192829333'; Build Type 'Release'
OS: 'Windows 11  (10.0.22631) 64bit CoreCountrySpecific' Language: 'zh' Physical Memory: 32496 MB
BatchMode: 1, IsHumanControllingUs: 0, StartBugReporterOnCrash: 0, Is64bit: 1, IsPro: 1

COMMAND LINE ARGUMENTS:
C:\Program Files\Unity 2022.3.0f1\Editor\Unity.exe
-adb2
-batchMode
-noUpm
-name
AssetImportWorker11
-projectPath
C:/Users/qingyuanzi/Desktop/Memo-Internship
-logFile
Logs/AssetImportWorker11.log
-srvPort
29499
Successfully changed project path to: C:/Users/qingyuanzi/Desktop/Memo-Internship
C:/Users/qingyuanzi/Desktop/Memo-Internship
[UnityMemory] Configuration Parameters - Can be set up in boot.config
    "memorysetup-bucket-allocator-granularity=16"
    "memorysetup-bucket-allocator-bucket-count=8"
    "memorysetup-bucket-allocator-block-size=33554432"
    "memorysetup-bucket-allocator-block-count=8"
    "memorysetup-main-allocator-block-size=16777216"
    "memorysetup-thread-allocator-block-size=16777216"
    "memorysetup-gfx-main-allocator-block-size=16777216"
    "memorysetup-gfx-thread-allocator-block-size=16777216"
    "memorysetup-cache-allocator-block-size=4194304"
    "memorysetup-typetree-allocator-block-size=2097152"
    "memorysetup-profiler-bucket-allocator-granularity=16"
    "memorysetup-profiler-bucket-allocator-bucket-count=8"
    "memorysetup-profiler-bucket-allocator-block-size=33554432"
    "memorysetup-profiler-bucket-allocator-block-count=8"
    "memorysetup-profiler-allocator-block-size=16777216"
    "memorysetup-profiler-editor-allocator-block-size=1048576"
    "memorysetup-temp-allocator-size-main=16777216"
    "memorysetup-job-temp-allocator-block-size=2097152"
    "memorysetup-job-temp-allocator-block-size-background=1048576"
    "memorysetup-job-temp-allocator-reduction-small-platforms=262144"
    "memorysetup-allocator-temp-initial-block-size-main=262144"
    "memorysetup-allocator-temp-initial-block-size-worker=262144"
    "memorysetup-temp-allocator-size-background-worker=32768"
    "memorysetup-temp-allocator-size-job-worker=262144"
    "memorysetup-temp-allocator-size-preload-manager=33554432"
    "memorysetup-temp-allocator-size-nav-mesh-worker=65536"
    "memorysetup-temp-allocator-size-audio-worker=65536"
    "memorysetup-temp-allocator-size-cloud-worker=32768"
    "memorysetup-temp-allocator-size-gi-baking-worker=262144"
    "memorysetup-temp-allocator-size-gfx=262144"
Player connection [51168] Host "[IP] 192.168.229.1 [Port] 0 [Flags] 2 [Guid] 4187794195 [EditorId] 4187794195 [Version] 1048832 [Id] WindowsEditor(7,Qingyuanzi) [Debug] 1 [PackageName] WindowsEditor [ProjectName] Editor" joined multi-casting on [225.0.0.222:54997]...

Player connection [51168] Host "[IP] 192.168.229.1 [Port] 0 [Flags] 2 [Guid] 4187794195 [EditorId] 4187794195 [Version] 1048832 [Id] WindowsEditor(7,Qingyuanzi) [Debug] 1 [PackageName] WindowsEditor [ProjectName] Editor" joined alternative multi-casting on [225.0.0.222:34997]...

Refreshing native plugins compatible for Editor in 9.37 ms, found 4 plugins.
Preloading 0 native plugins for Editor in 0.00 ms.
Initialize engine version: 2022.3.0f1 (fb119bb0b476)
[Subsystems] Discovering subsystems at path C:/Program Files/Unity 2022.3.0f1/Editor/Data/Resources/UnitySubsystems
[Subsystems] Discovering subsystems at path C:/Users/qingyuanzi/Desktop/Memo-Internship/Assets
GfxDevice: creating device client; threaded=0; jobified=0
Direct3D:
    Version:  Direct3D 11.0 [level 11.1]
    Renderer: NVIDIA GeForce RTX 4070 Laptop GPU (ID=0x2820)
    Vendor:   NVIDIA
    VRAM:     7948 MB
    Driver:   31.0.15.5123
Initialize mono
Mono path[0] = 'C:/Program Files/Unity 2022.3.0f1/Editor/Data/Managed'
Mono path[1] = 'C:/Program Files/Unity 2022.3.0f1/Editor/Data/MonoBleedingEdge/lib/mono/unityjit-win32'
Mono config path = 'C:/Program Files/Unity 2022.3.0f1/Editor/Data/MonoBleedingEdge/etc'
Using monoOptions --debugger-agent=transport=dt_socket,embedding=1,server=y,suspend=n,address=127.0.0.1:56196
Begin MonoManager ReloadAssembly
Registering precompiled unity dll's ...
Register platform support module: C:/Program Files/Unity 2022.3.0f1/Editor/Data/PlaybackEngines/WindowsStandaloneSupport/UnityEditor.WindowsStandalone.Extensions.dll
Registered in 0.004651 seconds.
- Loaded All Assemblies, in  0.234 seconds
Native extension for WindowsStandalone target not found
Mono: successfully reloaded assembly
- Finished resetting the current domain, in  0.172 seconds
Domain Reload Profiling: 406ms
	BeginReloadAssembly (72ms)
		ExecutionOrderSort (0ms)
		DisableScriptedObjects (0ms)
		BackupInstance (0ms)
		ReleaseScriptingObjects (0ms)
		CreateAndSetChildDomain (1ms)
	RebuildCommonClasses (25ms)
	RebuildNativeTypeToScriptingClass (8ms)
	initialDomainReloadingComplete (44ms)
	LoadAllAssembliesAndSetupDomain (84ms)
		LoadAssemblies (69ms)
		RebuildTransferFunctionScriptingTraits (0ms)
		AnalyzeDomain (80ms)
			TypeCache.Refresh (79ms)
				TypeCache.ScanAssembly (72ms)
			ScanForSourceGeneratedMonoScriptInfo (0ms)
			ResolveRequiredComponents (0ms)
	FinalizeReload (173ms)
		ReleaseScriptCaches (0ms)
		RebuildScriptCaches (0ms)
		SetupLoadedEditorAssemblies (137ms)
			LogAssemblyErrors (0ms)
			InitializePlatformSupportModulesInManaged (5ms)
			SetLoadedEditorAssemblies (5ms)
			RefreshPlugins (0ms)
			BeforeProcessingInitializeOnLoad (1ms)
			ProcessInitializeOnLoadAttributes (92ms)
			ProcessInitializeOnLoadMethodAttributes (33ms)
			AfterProcessingInitializeOnLoad (0ms)
			EditorAssembliesLoaded (0ms)
		ExecutionOrderSort2 (0ms)
		AwakeInstancesAfterBackupRestoration (0ms)
========================================================================
Worker process is ready to serve import requests
Begin MonoManager ReloadAssembly
Symbol file LoadedFromMemory doesn't match image C:\Users\qingyuanzi\Desktop\Memo-Internship\Library\PackageCache\com.unity.visualscripting@1.8.0\Editor\VisualScripting.Core\Dependencies\YamlDotNet\Unity.VisualScripting.YamlDotNet.dll
Symbol file LoadedFromMemory doesn't match image C:\Users\qingyuanzi\Desktop\Memo-Internship\Library\PackageCache\com.unity.visualscripting@1.8.0\Editor\VisualScripting.Core\Dependencies\DotNetZip\Unity.VisualScripting.IonicZip.dll
- Loaded All Assemblies, in  0.444 seconds
Refreshing native plugins compatible for Editor in 2.73 ms, found 4 plugins.
Native extension for WindowsStandalone target not found
Mono: successfully reloaded assembly
- Finished resetting the current domain, in  0.338 seconds
Domain Reload Profiling: 780ms
	BeginReloadAssembly (81ms)
		ExecutionOrderSort (0ms)
		DisableScriptedObjects (3ms)
		BackupInstance (0ms)
		ReleaseScriptingObjects (0ms)
		CreateAndSetChildDomain (13ms)
	RebuildCommonClasses (20ms)
	RebuildNativeTypeToScriptingClass (7ms)
	initialDomainReloadingComplete (28ms)
	LoadAllAssembliesAndSetupDomain (305ms)
		LoadAssemblies (178ms)
		RebuildTransferFunctionScriptingTraits (0ms)
		AnalyzeDomain (166ms)
			TypeCache.Refresh (152ms)
				TypeCache.ScanAssembly (145ms)
			ScanForSourceGeneratedMonoScriptInfo (12ms)
			ResolveRequiredComponents (2ms)
	FinalizeReload (339ms)
		ReleaseScriptCaches (0ms)
		RebuildScriptCaches (0ms)
		SetupLoadedEditorAssemblies (247ms)
			LogAssemblyErrors (0ms)
			InitializePlatformSupportModulesInManaged (3ms)
			SetLoadedEditorAssemblies (2ms)
			RefreshPlugins (0ms)
			BeforeProcessingInitializeOnLoad (42ms)
			ProcessInitializeOnLoadAttributes (177ms)
			ProcessInitializeOnLoadMethodAttributes (18ms)
			AfterProcessingInitializeOnLoad (6ms)
			EditorAssembliesLoaded (0ms)
		ExecutionOrderSort2 (0ms)
		AwakeInstancesAfterBackupRestoration (5ms)
Launched and connected shader compiler UnityShaderCompiler.exe after 0.07 seconds
Refreshing native plugins compatible for Editor in 3.05 ms, found 4 plugins.
Preloading 0 native plugins for Editor in 0.00 ms.
Unloading 3954 Unused Serialized files (Serialized files now loaded: 0)
Unloading 63 unused Assets / (60.3 KB). Loaded Objects now: 4418.
Memory consumption went from 138.4 MB to 138.3 MB.
Total: 2.544000 ms (FindLiveObjects: 0.178300 ms CreateObjectMapping: 0.056400 ms MarkObjects: 2.221200 ms  DeleteObjects: 0.086900 ms)

AssetImportParameters requested are different than current active one (requested -> active):
  custom:container-demuxer-ogg: 62fdf1f143b41e24485cea50d1cbac27 -> 
  custom:video-codec-MediaFoundation-h265: 746d11721c4dcdbdad8f713fa42b33f4 -> 
  custom:video-decoder-ogg-theora: a1e56fd34408186e4bbccfd4996cb3dc -> 
  custom:framework-win-MediaFoundation: 216162199b28c13a410421893ffa2e32 -> 
  custom:container-demuxer-webm: 4f35f7cbe854078d1ac9338744f61a02 -> 
  custom:container-muxer-webm: aa71ff27fc2769a1b78a27578f13a17b -> 
  custom:video-decoder-webm-vp8: 9c59270c3fd7afecdb556c50c9e8de78 -> 
  custom:AudioImporter_EditorPlatform: d09bf68614088b80899f8185d706f6e7 -> 
  custom:video-encoder-webm-vp8: eb34c28f22e8b96e1ab97ce403110664 -> 
  custom:audio-decoder-ogg-vorbis: bf7c407c2cedff20999df2af8eb42d56 -> 
  custom:audio-encoder-webm-vorbis: bf7c407c2cedff20999df2af8eb42d56 -> 
========================================================================
Received Import Request.
  Time since last request: 48219.366485 seconds.
  path: Assets/Resource/sfx/sound-27.ogg
  artifactKey: Guid(51c6fda9c554fb34594087d2f519b3a5) Importer(815301076,1909f56bfc062723c751e8b465ee728b)
Start importing Assets/Resource/sfx/sound-27.ogg using Guid(51c6fda9c554fb34594087d2f519b3a5) Importer(815301076,1909f56bfc062723c751e8b465ee728b)  -> (artifact id: 'ed359a0998bf98f85e3e037801182295') in 0.133894 seconds
Number of updated asset objects reloaded before import = 0
Number of asset objects unloaded after import = 2
========================================================================
Received Import Request.
  Time since last request: 0.000014 seconds.
  path: Assets/Resource/sfx/sound-44.ogg
  artifactKey: Guid(348742c8183bf7947ac5cf4a57f25c96) Importer(815301076,1909f56bfc062723c751e8b465ee728b)
Start importing Assets/Resource/sfx/sound-44.ogg using Guid(348742c8183bf7947ac5cf4a57f25c96) Importer(815301076,1909f56bfc062723c751e8b465ee728b)  -> (artifact id: 'eb276c78f5a0a6db4a67526a62445a8a') in 0.020043 seconds
Number of updated asset objects reloaded before import = 0
Number of asset objects unloaded after import = 2
========================================================================
Received Import Request.
  Time since last request: 0.000148 seconds.
  path: Assets/Resource/sfx/sound-41.ogg
  artifactKey: Guid(ffcc0ee6bb138fa4e8b114f96884ee9b) Importer(815301076,1909f56bfc062723c751e8b465ee728b)
Start importing Assets/Resource/sfx/sound-41.ogg using Guid(ffcc0ee6bb138fa4e8b114f96884ee9b) Importer(815301076,1909f56bfc062723c751e8b465ee728b)  -> (artifact id: '396dec3853f9eeeee6835641a960e4bd') in 0.071112 seconds
Number of updated asset objects reloaded before import = 0
Number of asset objects unloaded after import = 2
========================================================================
Received Import Request.
  Time since last request: 1379.661335 seconds.
  path: Assets/Scenes/SampleScene.unity
  artifactKey: Guid(2cda990e2423bbf4892e6590ba056729) Importer(815301076,1909f56bfc062723c751e8b465ee728b)
Start importing Assets/Scenes/SampleScene.unity using Guid(2cda990e2423bbf4892e6590ba056729) Importer(815301076,1909f56bfc062723c751e8b465ee728b)  -> (artifact id: 'e9b7c980e8e56c18b5cf3ba864228ed7') in 0.002597 seconds
Number of updated asset objects reloaded before import = 0
Number of asset objects unloaded after import = 0
========================================================================
Received Import Request.
  Time since last request: 14.776581 seconds.
  path: Assets/Scenes/TutorialExample.unity
  artifactKey: Guid(2cda990e2423bbf4892e6590ba056729) Importer(815301076,1909f56bfc062723c751e8b465ee728b)
Start importing Assets/Scenes/TutorialExample.unity using Guid(2cda990e2423bbf4892e6590ba056729) Importer(815301076,1909f56bfc062723c751e8b465ee728b)  -> (artifact id: 'e16d129f96a4c3ba59ea8f6c4f6fe524') in 0.000541 seconds
Number of updated asset objects reloaded before import = 0
Number of asset objects unloaded after import = 0
========================================================================
Received Import Request.
  Time since last request: 21818.805918 seconds.
  path: Packages/com.unity.2d.tilemap/Editor/Unity.2D.Tilemap.Editor.asmdef
  artifactKey: Guid(3a9781db4804a9945b9883f3a7c46d45) Importer(815301076,1909f56bfc062723c751e8b465ee728b)
Start importing Packages/com.unity.2d.tilemap/Editor/Unity.2D.Tilemap.Editor.asmdef using Guid(3a9781db4804a9945b9883f3a7c46d45) Importer(815301076,1909f56bfc062723c751e8b465ee728b)  -> (artifact id: '5e904b3b6b58d22c52fc05c18ab0dafd') in 0.024193 seconds
Number of updated asset objects reloaded before import = 0
Number of asset objects unloaded after import = 0
========================================================================
Received Import Request.
  Time since last request: 6.250630 seconds.
  path: Packages/com.unity.2d.tilemap/Editor/CreateTileFromPaletteAttribute.cs
  artifactKey: Guid(241898342fd2d2d478d8d74aff380666) Importer(815301076,1909f56bfc062723c751e8b465ee728b)
Start importing Packages/com.unity.2d.tilemap/Editor/CreateTileFromPaletteAttribute.cs using Guid(241898342fd2d2d478d8d74aff380666) Importer(815301076,1909f56bfc062723c751e8b465ee728b)  -> (artifact id: '7b1d342b5b285454cdab6e47237910ce') in 0.000791 seconds
Number of updated asset objects reloaded before import = 0
Number of asset objects unloaded after import = 0
========================================================================
Received Import Request.
  Time since last request: 455.511853 seconds.
  path: Assets/Resource/sfx
  artifactKey: Guid(e07313d9ef5cbe640bad532623cdc353) Importer(815301076,1909f56bfc062723c751e8b465ee728b)
Start importing Assets/Resource/sfx using Guid(e07313d9ef5cbe640bad532623cdc353) Importer(815301076,1909f56bfc062723c751e8b465ee728b)  -> (artifact id: 'e367c92f9263b4c36807325d1fdce9c1') in 0.000891 seconds
Number of updated asset objects reloaded before import = 0
Number of asset objects unloaded after import = 0
========================================================================
Received Import Request.
  Time since last request: 2.392903 seconds.
  path: Assets/Resource/graphics
  artifactKey: Guid(e19e342d0b349074db33038db48f96d6) Importer(815301076,1909f56bfc062723c751e8b465ee728b)
Start importing Assets/Resource/graphics using Guid(e19e342d0b349074db33038db48f96d6) Importer(815301076,1909f56bfc062723c751e8b465ee728b)  -> (artifact id: 'b878e6cb382a811569b2fd7e02b145b3') in 0.000828 seconds
Number of updated asset objects reloaded before import = 0
Number of asset objects unloaded after import = 0
========================================================================
Received Import Request.
  Time since last request: 0.025570 seconds.
  path: Assets/Resource/graphics/default-font.png
  artifactKey: Guid(cd4303f094aa55f49936724f697ca934) Importer(815301076,1909f56bfc062723c751e8b465ee728b)
Start importing Assets/Resource/graphics/default-font.png using Guid(cd4303f094aa55f49936724f697ca934) Importer(815301076,1909f56bfc062723c751e8b465ee728b)  -> (artifact id: '6e70c091161c3b8145f019b1ed0ee4c2') in 0.172490 seconds
Number of updated asset objects reloaded before import = 0
Number of asset objects unloaded after import = 3
========================================================================
Received Import Request.
  Time since last request: 1.479457 seconds.
  path: Assets/Resource/graphics/1x
  artifactKey: Guid(2af0a960e47fe0b4d860e71d13aa9b82) Importer(815301076,1909f56bfc062723c751e8b465ee728b)
Start importing Assets/Resource/graphics/1x using Guid(2af0a960e47fe0b4d860e71d13aa9b82) Importer(815301076,1909f56bfc062723c751e8b465ee728b)  -> (artifact id: '6d59ab76f3fd5f288019c3782acaa544') in 0.001095 seconds
Number of updated asset objects reloaded before import = 0
Number of asset objects unloaded after import = 0
========================================================================
Received Import Request.
  Time since last request: 744.767861 seconds.
  path: Assets/Resource/graphics/1x/sprite-11-0.asset
  artifactKey: Guid(faa388c695e20a744b1ea8b26810994c) Importer(815301076,1909f56bfc062723c751e8b465ee728b)
Start importing Assets/Resource/graphics/1x/sprite-11-0.asset using Guid(faa388c695e20a744b1ea8b26810994c) Importer(815301076,1909f56bfc062723c751e8b465ee728b)  -> (artifact id: 'fef4f6b65722befd62a72d8fa97fc238') in 0.047512 seconds
Number of updated asset objects reloaded before import = 0
Number of asset objects unloaded after import = 3
========================================================================
Received Import Request.
  Time since last request: 16.168252 seconds.
  path: Assets/Resource/graphics/1x/sprite-9-0.asset
  artifactKey: Guid(f746d012756509d43971c50405778599) Importer(815301076,1909f56bfc062723c751e8b465ee728b)
Start importing Assets/Resource/graphics/1x/sprite-9-0.asset using Guid(f746d012756509d43971c50405778599) Importer(815301076,1909f56bfc062723c751e8b465ee728b)  -> (artifact id: '6de1098bc849c281007edfdb8ad1f596') in 0.018658 seconds
Number of updated asset objects reloaded before import = 0
Number of asset objects unloaded after import = 3
========================================================================
Received Import Request.
  Time since last request: 34.302728 seconds.
  path: Assets/Resource/graphics/1x/sprite-7-0.asset
  artifactKey: Guid(92e0a70940971ef4cb043cb9ec3b54b4) Importer(815301076,1909f56bfc062723c751e8b465ee728b)
Start importing Assets/Resource/graphics/1x/sprite-7-0.asset using Guid(92e0a70940971ef4cb043cb9ec3b54b4) Importer(815301076,1909f56bfc062723c751e8b465ee728b)  -> (artifact id: 'aa77de47e9f9118585f2f55c44fc7c03') in 0.005502 seconds
Number of updated asset objects reloaded before import = 0
Number of asset objects unloaded after import = 3
========================================================================
Received Import Request.
  Time since last request: 19.184761 seconds.
  path: Assets/Resource/graphics/1x/sprite-11-8.asset
  artifactKey: Guid(8259bb5903cf3b0459a05163203c5c71) Importer(815301076,1909f56bfc062723c751e8b465ee728b)
Start importing Assets/Resource/graphics/1x/sprite-11-8.asset using Guid(8259bb5903cf3b0459a05163203c5c71) Importer(815301076,1909f56bfc062723c751e8b465ee728b)  -> (artifact id: 'b376a84d33462d6cfa4f11fc0ef48ea6') in 0.017757 seconds
Number of updated asset objects reloaded before import = 0
Number of asset objects unloaded after import = 3
========================================================================
Received Import Request.
  Time since last request: 5183.961626 seconds.
  path: Assets/Resource/graphics/1x/sprite-11-8.asset
  artifactKey: Guid(8259bb5903cf3b0459a05163203c5c71) Importer(815301076,1909f56bfc062723c751e8b465ee728b)
Start importing Assets/Resource/graphics/1x/sprite-11-8.asset using Guid(8259bb5903cf3b0459a05163203c5c71) Importer(815301076,1909f56bfc062723c751e8b465ee728b)  -> (artifact id: 'cb96f8ecf1c65709378434d5b76bb54f') in 0.064829 seconds
Number of updated asset objects reloaded before import = 0
Number of asset objects unloaded after import = 1
========================================================================
Received Import Request.
  Time since last request: 773.690842 seconds.
  path: Assets/TileMap
  artifactKey: Guid(7a1d6f4a1f62ad444bfd9e86636f29fa) Importer(815301076,1909f56bfc062723c751e8b465ee728b)
Start importing Assets/TileMap using Guid(7a1d6f4a1f62ad444bfd9e86636f29fa) Importer(815301076,1909f56bfc062723c751e8b465ee728b)  -> (artifact id: 'c4bdad6f2be27afcb555f896d9aa87e1') in 0.001260 seconds
Number of updated asset objects reloaded before import = 0
Number of asset objects unloaded after import = 0
========================================================================
Received Import Request.
  Time since last request: 0.385589 seconds.
  path: Assets/TileMap/FundusMap.prefab
  artifactKey: Guid(77f5ade84f1b93c4d9de7a516c23a3ae) Importer(815301076,1909f56bfc062723c751e8b465ee728b)
Start importing Assets/TileMap/FundusMap.prefab using Guid(77f5ade84f1b93c4d9de7a516c23a3ae) Importer(815301076,1909f56bfc062723c751e8b465ee728b)  -> (artifact id: '028657d16b4184005ab9cbe5e80513c4') in 0.158078 seconds
Number of updated asset objects reloaded before import = 0
Number of asset objects unloaded after import = 20
========================================================================
Received Import Request.
  Time since last request: 58.611984 seconds.
  path: Assets/TileMap/test1.prefab
  artifactKey: Guid(eadb8c8a3c08c434885e0a56c8a9fcd4) Importer(815301076,1909f56bfc062723c751e8b465ee728b)
Start importing Assets/TileMap/test1.prefab using Guid(eadb8c8a3c08c434885e0a56c8a9fcd4) Importer(815301076,1909f56bfc062723c751e8b465ee728b)  -> (artifact id: 'cec67bf8a43631c478e4800c75b14788') in 0.059855 seconds
Number of updated asset objects reloaded before import = 0
Number of asset objects unloaded after import = 10
========================================================================
Received Import Request.
  Time since last request: 1820.030630 seconds.
  path: Assets/Resource/graphics/1x/sprite-11-0.asset
  artifactKey: Guid(faa388c695e20a744b1ea8b26810994c) Importer(815301076,1909f56bfc062723c751e8b465ee728b)
Start importing Assets/Resource/graphics/1x/sprite-11-0.asset using Guid(faa388c695e20a744b1ea8b26810994c) Importer(815301076,1909f56bfc062723c751e8b465ee728b)  -> (artifact id: '8ebd0e6fd350187c3f29ee33f3463dbf') in 0.004386 seconds
Number of updated asset objects reloaded before import = 0
Number of asset objects unloaded after import = 1
========================================================================
Received Import Request.
  Time since last request: 788.176664 seconds.
  path: Assets/Resource/graphics/1x/sprite-11-0.png
  artifactKey: Guid(d9be55974e433a54685cbdf41c6bddad) Importer(815301076,1909f56bfc062723c751e8b465ee728b)
Start importing Assets/Resource/graphics/1x/sprite-11-0.png using Guid(d9be55974e433a54685cbdf41c6bddad) Importer(815301076,1909f56bfc062723c751e8b465ee728b)  -> (artifact id: 'c513eb7dd7222a700d0f1ba81075f05d') in 0.029085 seconds
Number of updated asset objects reloaded before import = 0
Number of asset objects unloaded after import = 3
========================================================================
Received Import Request.
  Time since last request: 27.048844 seconds.
  path: Assets/Resource/graphics/1x/sprite-11-0_0.asset
  artifactKey: Guid(3a61c21e992fa6a49bfd074a5aa40f24) Importer(815301076,1909f56bfc062723c751e8b465ee728b)
Start importing Assets/Resource/graphics/1x/sprite-11-0_0.asset using Guid(3a61c21e992fa6a49bfd074a5aa40f24) Importer(815301076,1909f56bfc062723c751e8b465ee728b)  -> (artifact id: '102316665f2361cd6b452812e8722e62') in 0.017592 seconds
Number of updated asset objects reloaded before import = 0
Number of asset objects unloaded after import = 3
========================================================================
Received Import Request.
  Time since last request: 313.886866 seconds.
  path: Assets/Resource/graphics/1x/sprite-11-7.png
  artifactKey: Guid(ba377b16665d70d4d83d238f3462763d) Importer(815301076,1909f56bfc062723c751e8b465ee728b)
Start importing Assets/Resource/graphics/1x/sprite-11-7.png using Guid(ba377b16665d70d4d83d238f3462763d) Importer(815301076,1909f56bfc062723c751e8b465ee728b)  -> (artifact id: '9c1deeca50297e847f8a2fce2177135c') in 0.044208 seconds
Number of updated asset objects reloaded before import = 0
Number of asset objects unloaded after import = 2
========================================================================
Received Import Request.
  Time since last request: 2233.287102 seconds.
  path: Assets/Resource/graphics/1x/sprite-11-7.png
  artifactKey: Guid(ba377b16665d70d4d83d238f3462763d) Importer(815301076,1909f56bfc062723c751e8b465ee728b)
Start importing Assets/Resource/graphics/1x/sprite-11-7.png using Guid(ba377b16665d70d4d83d238f3462763d) Importer(815301076,1909f56bfc062723c751e8b465ee728b)  -> (artifact id: '53a88393c91993f39478085fa4fbf4d5') in 0.013449 seconds
Number of updated asset objects reloaded before import = 0
Number of asset objects unloaded after import = 2
========================================================================
Received Import Request.
  Time since last request: 60.657517 seconds.
  path: Assets/Resource/graphics/1x/sprite-11-7.png
  artifactKey: Guid(ba377b16665d70d4d83d238f3462763d) Importer(815301076,1909f56bfc062723c751e8b465ee728b)
Start importing Assets/Resource/graphics/1x/sprite-11-7.png using Guid(ba377b16665d70d4d83d238f3462763d) Importer(815301076,1909f56bfc062723c751e8b465ee728b)  -> (artifact id: 'f0bec58294d5c2ec8134a5ca1a53096a') in 0.016624 seconds
Number of updated asset objects reloaded before import = 0
Number of asset objects unloaded after import = 3
========================================================================
Received Import Request.
  Time since last request: 60.277746 seconds.
  path: Assets/Resource/graphics/1x/sprite-11-7.png
  artifactKey: Guid(ba377b16665d70d4d83d238f3462763d) Importer(815301076,1909f56bfc062723c751e8b465ee728b)
Start importing Assets/Resource/graphics/1x/sprite-11-7.png using Guid(ba377b16665d70d4d83d238f3462763d) Importer(815301076,1909f56bfc062723c751e8b465ee728b)  -> (artifact id: '2aec6bb653b378863699c12e5a5b3ac4') in 0.015406 seconds
Number of updated asset objects reloaded before import = 0
Number of asset objects unloaded after import = 3
========================================================================
Received Import Request.
  Time since last request: 322.153268 seconds.
  path: Assets/Resource/graphics/1x/sprite-11-0.png
  artifactKey: Guid(d9be55974e433a54685cbdf41c6bddad) Importer(815301076,1909f56bfc062723c751e8b465ee728b)
Start importing Assets/Resource/graphics/1x/sprite-11-0.png using Guid(d9be55974e433a54685cbdf41c6bddad) Importer(815301076,1909f56bfc062723c751e8b465ee728b)  -> (artifact id: '8c2772b967a74185238699025f9f159c') in 0.068218 seconds
Number of updated asset objects reloaded before import = 0
Number of asset objects unloaded after import = 3
========================================================================
Received Import Request.
  Time since last request: 116.389581 seconds.
  path: Assets/Resource/graphics/1x/sprite-7-0.asset
  artifactKey: Guid(92e0a70940971ef4cb043cb9ec3b54b4) Importer(815301076,1909f56bfc062723c751e8b465ee728b)
Start importing Assets/Resource/graphics/1x/sprite-7-0.asset using Guid(92e0a70940971ef4cb043cb9ec3b54b4) Importer(815301076,1909f56bfc062723c751e8b465ee728b)  -> (artifact id: 'f1fdf2b24d77e9caae5ee5f08c2eecd6') in 0.004155 seconds
Number of updated asset objects reloaded before import = 0
Number of asset objects unloaded after import = 1
========================================================================
Received Import Request.
  Time since last request: 18.578963 seconds.
  path: Assets/Resource/graphics/1x/sprite-7-0.png
  artifactKey: Guid(795fc4efbb318fa4fa3b2e26ab701098) Importer(815301076,1909f56bfc062723c751e8b465ee728b)
Start importing Assets/Resource/graphics/1x/sprite-7-0.png using Guid(795fc4efbb318fa4fa3b2e26ab701098) Importer(815301076,1909f56bfc062723c751e8b465ee728b)  -> (artifact id: '6cfd21cc410405ead4cd6f42b54b5445') in 0.029253 seconds
Number of updated asset objects reloaded before import = 0
Number of asset objects unloaded after import = 3
========================================================================
Received Import Request.
  Time since last request: 16.651470 seconds.
  path: Assets/Resource/graphics/1x/sprite-7-0_0.asset
  artifactKey: Guid(accee0ccaf24f454ba4ef3940bd80436) Importer(815301076,1909f56bfc062723c751e8b465ee728b)
Start importing Assets/Resource/graphics/1x/sprite-7-0_0.asset using Guid(accee0ccaf24f454ba4ef3940bd80436) Importer(815301076,1909f56bfc062723c751e8b465ee728b)  -> (artifact id: 'fe56f1a019c79b6357b7acbee90540af') in 0.017309 seconds
Number of updated asset objects reloaded before import = 0
Number of asset objects unloaded after import = 3
========================================================================
Received Import Request.
  Time since last request: 3805.767805 seconds.
  path: Assets/Resource/graphics/1x/sprite-11-1.png
  artifactKey: Guid(681b24bdf1f5ddd43b2dd698dfd61b06) Importer(815301076,1909f56bfc062723c751e8b465ee728b)
Start importing Assets/Resource/graphics/1x/sprite-11-1.png using Guid(681b24bdf1f5ddd43b2dd698dfd61b06) Importer(815301076,1909f56bfc062723c751e8b465ee728b)  -> (artifact id: 'c55749869ec8950fb8d72b5d7ff3eb7b') in 0.066164 seconds
Number of updated asset objects reloaded before import = 0
Number of asset objects unloaded after import = 2
========================================================================
Received Import Request.
  Time since last request: 33.324311 seconds.
  path: Assets/Resource/graphics/1x/sprite-11-1.png
  artifactKey: Guid(681b24bdf1f5ddd43b2dd698dfd61b06) Importer(815301076,1909f56bfc062723c751e8b465ee728b)
Start importing Assets/Resource/graphics/1x/sprite-11-1.png using Guid(681b24bdf1f5ddd43b2dd698dfd61b06) Importer(815301076,1909f56bfc062723c751e8b465ee728b)  -> (artifact id: '00aa4e48954ae628642b78f670878208') in 0.033671 seconds
Number of updated asset objects reloaded before import = 0
Number of asset objects unloaded after import = 3
========================================================================
Received Import Request.
  Time since last request: 21.003562 seconds.
  path: Assets/Resource/graphics/1x/sprite-11-1.png
  artifactKey: Guid(681b24bdf1f5ddd43b2dd698dfd61b06) Importer(815301076,1909f56bfc062723c751e8b465ee728b)
Start importing Assets/Resource/graphics/1x/sprite-11-1.png using Guid(681b24bdf1f5ddd43b2dd698dfd61b06) Importer(815301076,1909f56bfc062723c751e8b465ee728b)  -> (artifact id: '6265354d2faaad9554b7872f57fd1e7c') in 0.010101 seconds
Number of updated asset objects reloaded before import = 0
Number of asset objects unloaded after import = 3
========================================================================
Received Import Request.
  Time since last request: 510.257164 seconds.
  path: Assets/Resource/graphics/1x/sprite-7-0.png
  artifactKey: Guid(795fc4efbb318fa4fa3b2e26ab701098) Importer(815301076,1909f56bfc062723c751e8b465ee728b)
Start importing Assets/Resource/graphics/1x/sprite-7-0.png using Guid(795fc4efbb318fa4fa3b2e26ab701098) Importer(815301076,1909f56bfc062723c751e8b465ee728b)  -> (artifact id: 'e30a6867293e97b81e53bbef041831a9') in 0.033436 seconds
Number of updated asset objects reloaded before import = 0
Number of asset objects unloaded after import = 4
========================================================================
Received Import Request.
  Time since last request: 44.358001 seconds.
  path: Assets/Resource/graphics/1x/sprite-7-0.png
  artifactKey: Guid(795fc4efbb318fa4fa3b2e26ab701098) Importer(815301076,1909f56bfc062723c751e8b465ee728b)
Start importing Assets/Resource/graphics/1x/sprite-7-0.png using Guid(795fc4efbb318fa4fa3b2e26ab701098) Importer(815301076,1909f56bfc062723c751e8b465ee728b)  -> (artifact id: '8ae01f5f7d1bb40cf0846b95a75ac833') in 0.032608 seconds
Number of updated asset objects reloaded before import = 0
Number of asset objects unloaded after import = 5
========================================================================
Received Import Request.
  Time since last request: 49.678397 seconds.
  path: Assets/Resource/graphics/1x/sprite-7-0.png
  artifactKey: Guid(795fc4efbb318fa4fa3b2e26ab701098) Importer(815301076,1909f56bfc062723c751e8b465ee728b)
Start importing Assets/Resource/graphics/1x/sprite-7-0.png using Guid(795fc4efbb318fa4fa3b2e26ab701098) Importer(815301076,1909f56bfc062723c751e8b465ee728b)  -> (artifact id: 'cdecb1ac8cf4907c9dc7b6d7c375cdcf') in 0.014535 seconds
Number of updated asset objects reloaded before import = 0
Number of asset objects unloaded after import = 5
========================================================================
Received Import Request.
  Time since last request: 18.518477 seconds.
  path: Assets/Resource/graphics/1x/sprite-7-0.png
  artifactKey: Guid(795fc4efbb318fa4fa3b2e26ab701098) Importer(815301076,1909f56bfc062723c751e8b465ee728b)
Start importing Assets/Resource/graphics/1x/sprite-7-0.png using Guid(795fc4efbb318fa4fa3b2e26ab701098) Importer(815301076,1909f56bfc062723c751e8b465ee728b)  -> (artifact id: '1220826396e3c019b472c61b969e15a7') in 0.028233 seconds
Number of updated asset objects reloaded before import = 0
Number of asset objects unloaded after import = 6
========================================================================
Received Import Request.
  Time since last request: 59.738157 seconds.
  path: Assets/Resource/graphics/1x/sprite-7-0.png
  artifactKey: Guid(795fc4efbb318fa4fa3b2e26ab701098) Importer(815301076,1909f56bfc062723c751e8b465ee728b)
Start importing Assets/Resource/graphics/1x/sprite-7-0.png using Guid(795fc4efbb318fa4fa3b2e26ab701098) Importer(815301076,1909f56bfc062723c751e8b465ee728b)  -> (artifact id: '9607b9b91855076d368a60c4f56f25b6') in 0.010720 seconds
Number of updated asset objects reloaded before import = 0
Number of asset objects unloaded after import = 6
========================================================================
Received Import Request.
  Time since last request: 12.201206 seconds.
  path: Assets/Resource/graphics/1x/sprite-7-0.png
  artifactKey: Guid(795fc4efbb318fa4fa3b2e26ab701098) Importer(815301076,1909f56bfc062723c751e8b465ee728b)
Start importing Assets/Resource/graphics/1x/sprite-7-0.png using Guid(795fc4efbb318fa4fa3b2e26ab701098) Importer(815301076,1909f56bfc062723c751e8b465ee728b)  -> (artifact id: 'b1d2783f998a0ddb5be78927baf5f054') in 0.058761 seconds
Number of updated asset objects reloaded before import = 0
Number of asset objects unloaded after import = 7
========================================================================
Received Import Request.
  Time since last request: 167.264484 seconds.
  path: Assets/Resource/graphics/1x/sprite-7-0.png
  artifactKey: Guid(795fc4efbb318fa4fa3b2e26ab701098) Importer(815301076,1909f56bfc062723c751e8b465ee728b)
Start importing Assets/Resource/graphics/1x/sprite-7-0.png using Guid(795fc4efbb318fa4fa3b2e26ab701098) Importer(815301076,1909f56bfc062723c751e8b465ee728b)  -> (artifact id: '0f425f199adfdd3eea63dfeb0dfd49d9') in 0.010666 seconds
Number of updated asset objects reloaded before import = 0
Number of asset objects unloaded after import = 7
========================================================================
Received Import Request.
  Time since last request: 10.285369 seconds.
  path: Assets/Resource/graphics/1x/sprite-7-0.png
  artifactKey: Guid(795fc4efbb318fa4fa3b2e26ab701098) Importer(815301076,1909f56bfc062723c751e8b465ee728b)
Start importing Assets/Resource/graphics/1x/sprite-7-0.png using Guid(795fc4efbb318fa4fa3b2e26ab701098) Importer(815301076,1909f56bfc062723c751e8b465ee728b)  -> (artifact id: 'de6bc1c306533094858724c00d7f3a29') in 0.035733 seconds
Number of updated asset objects reloaded before import = 0
Number of asset objects unloaded after import = 8
========================================================================
Received Import Request.
  Time since last request: 363.863023 seconds.
  path: Assets/TileMap/test2.prefab
  artifactKey: Guid(e47ad5ba3fc34e34d8ad208dafd7ff58) Importer(815301076,1909f56bfc062723c751e8b465ee728b)
Start importing Assets/TileMap/test2.prefab using Guid(e47ad5ba3fc34e34d8ad208dafd7ff58) Importer(815301076,1909f56bfc062723c751e8b465ee728b)  -> (artifact id: '8835c8aee13353fe10942c496a78da6a') in 0.041771 seconds
Number of updated asset objects reloaded before import = 0
Number of asset objects unloaded after import = 10
========================================================================
Received Import Request.
  Time since last request: 536.998350 seconds.
  path: Assets/Resource/graphics/1x/sprite-7-0.png
  artifactKey: Guid(795fc4efbb318fa4fa3b2e26ab701098) Importer(815301076,1909f56bfc062723c751e8b465ee728b)
Start importing Assets/Resource/graphics/1x/sprite-7-0.png using Guid(795fc4efbb318fa4fa3b2e26ab701098) Importer(815301076,1909f56bfc062723c751e8b465ee728b)  -> (artifact id: '5c779985efc5c010580d5171f3205d47') in 0.034455 seconds
Number of updated asset objects reloaded before import = 0
Number of asset objects unloaded after import = 3
========================================================================
Received Import Request.
  Time since last request: 39.124404 seconds.
  path: Assets/Resource/graphics/1x/sprite-11-1.asset
  artifactKey: Guid(4283e4c2d92524c438abc2c51c34753a) Importer(815301076,1909f56bfc062723c751e8b465ee728b)
Start importing Assets/Resource/graphics/1x/sprite-11-1.asset using Guid(4283e4c2d92524c438abc2c51c34753a) Importer(815301076,1909f56bfc062723c751e8b465ee728b)  -> (artifact id: 'd3ca9cb6e61773884701d4d98e826842') in 0.012979 seconds
Number of updated asset objects reloaded before import = 0
Number of asset objects unloaded after import = 3
========================================================================
Received Import Request.
  Time since last request: 113.032551 seconds.
  path: Assets/Resource/graphics/1x/sprite-11-0.png
  artifactKey: Guid(d9be55974e433a54685cbdf41c6bddad) Importer(815301076,1909f56bfc062723c751e8b465ee728b)
Start importing Assets/Resource/graphics/1x/sprite-11-0.png using Guid(d9be55974e433a54685cbdf41c6bddad) Importer(815301076,1909f56bfc062723c751e8b465ee728b)  -> (artifact id: '0c8edbce2c3c9ef6c7df4d47254c74df') in 0.017985 seconds
Number of updated asset objects reloaded before import = 0
Number of asset objects unloaded after import = 3
========================================================================
Received Import Request.
  Time since last request: 9.582028 seconds.
  path: Assets/Resource/graphics/1x/sprite-11-0.png
  artifactKey: Guid(d9be55974e433a54685cbdf41c6bddad) Importer(815301076,1909f56bfc062723c751e8b465ee728b)
Start importing Assets/Resource/graphics/1x/sprite-11-0.png using Guid(d9be55974e433a54685cbdf41c6bddad) Importer(815301076,1909f56bfc062723c751e8b465ee728b)  -> (artifact id: 'b9d39b4123a55efdd12a6fbdcacf4e91') in 0.025423 seconds
Number of updated asset objects reloaded before import = 0
Number of asset objects unloaded after import = 2
========================================================================
Received Import Request.
  Time since last request: 36.412619 seconds.
  path: Assets/Resource/graphics/1x/sprite-11-0.png
  artifactKey: Guid(d9be55974e433a54685cbdf41c6bddad) Importer(815301076,1909f56bfc062723c751e8b465ee728b)
Start importing Assets/Resource/graphics/1x/sprite-11-0.png using Guid(d9be55974e433a54685cbdf41c6bddad) Importer(815301076,1909f56bfc062723c751e8b465ee728b)  -> (artifact id: '4c9e9cbce4858ae8c57e259520ff83a4') in 0.032541 seconds
Number of updated asset objects reloaded before import = 0
Number of asset objects unloaded after import = 3
