Using pre-set license
Built from '2022.3/release' branch; Version is '2022.3.0f1 (fb119bb0b476) revision 16454043'; Using compiler version '192829333'; Build Type 'Release'
OS: 'Windows 11  (10.0.22631) 64bit CoreCountrySpecific' Language: 'zh' Physical Memory: 32496 MB
BatchMode: 1, IsHumanControllingUs: 0, StartBugReporterOnCrash: 0, Is64bit: 1, IsPro: 1

COMMAND LINE ARGUMENTS:
C:\Program Files\Unity 2022.3.0f1\Editor\Unity.exe
-adb2
-batchMode
-noUpm
-name
AssetImportWorker6
-projectPath
C:/Users/qingyuanzi/Desktop/Memo-Internship
-logFile
Logs/AssetImportWorker6.log
-srvPort
29499
Successfully changed project path to: C:/Users/qingyuanzi/Desktop/Memo-Internship
C:/Users/qingyuanzi/Desktop/Memo-Internship
[UnityMemory] Configuration Parameters - Can be set up in boot.config
    "memorysetup-bucket-allocator-granularity=16"
    "memorysetup-bucket-allocator-bucket-count=8"
    "memorysetup-bucket-allocator-block-size=33554432"
    "memorysetup-bucket-allocator-block-count=8"
    "memorysetup-main-allocator-block-size=16777216"
    "memorysetup-thread-allocator-block-size=16777216"
    "memorysetup-gfx-main-allocator-block-size=16777216"
    "memorysetup-gfx-thread-allocator-block-size=16777216"
    "memorysetup-cache-allocator-block-size=4194304"
    "memorysetup-typetree-allocator-block-size=2097152"
    "memorysetup-profiler-bucket-allocator-granularity=16"
    "memorysetup-profiler-bucket-allocator-bucket-count=8"
    "memorysetup-profiler-bucket-allocator-block-size=33554432"
    "memorysetup-profiler-bucket-allocator-block-count=8"
    "memorysetup-profiler-allocator-block-size=16777216"
    "memorysetup-profiler-editor-allocator-block-size=1048576"
    "memorysetup-temp-allocator-size-main=16777216"
    "memorysetup-job-temp-allocator-block-size=2097152"
    "memorysetup-job-temp-allocator-block-size-background=1048576"
    "memorysetup-job-temp-allocator-reduction-small-platforms=262144"
    "memorysetup-allocator-temp-initial-block-size-main=262144"
    "memorysetup-allocator-temp-initial-block-size-worker=262144"
    "memorysetup-temp-allocator-size-background-worker=32768"
    "memorysetup-temp-allocator-size-job-worker=262144"
    "memorysetup-temp-allocator-size-preload-manager=33554432"
    "memorysetup-temp-allocator-size-nav-mesh-worker=65536"
    "memorysetup-temp-allocator-size-audio-worker=65536"
    "memorysetup-temp-allocator-size-cloud-worker=32768"
    "memorysetup-temp-allocator-size-gi-baking-worker=262144"
    "memorysetup-temp-allocator-size-gfx=262144"
Player connection [37760] Host "[IP] 192.168.229.1 [Port] 0 [Flags] 2 [Guid] 1894182285 [EditorId] 1894182285 [Version] 1048832 [Id] WindowsEditor(7,Qingyuanzi) [Debug] 1 [PackageName] WindowsEditor [ProjectName] Editor" joined multi-casting on [225.0.0.222:54997]...

Player connection [37760] Host "[IP] 192.168.229.1 [Port] 0 [Flags] 2 [Guid] 1894182285 [EditorId] 1894182285 [Version] 1048832 [Id] WindowsEditor(7,Qingyuanzi) [Debug] 1 [PackageName] WindowsEditor [ProjectName] Editor" joined alternative multi-casting on [225.0.0.222:34997]...

Refreshing native plugins compatible for Editor in 8.47 ms, found 4 plugins.
Preloading 0 native plugins for Editor in 0.00 ms.
Initialize engine version: 2022.3.0f1 (fb119bb0b476)
[Subsystems] Discovering subsystems at path C:/Program Files/Unity 2022.3.0f1/Editor/Data/Resources/UnitySubsystems
[Subsystems] Discovering subsystems at path C:/Users/qingyuanzi/Desktop/Memo-Internship/Assets
GfxDevice: creating device client; threaded=0; jobified=0
Direct3D:
    Version:  Direct3D 11.0 [level 11.1]
    Renderer: NVIDIA GeForce RTX 4070 Laptop GPU (ID=0x2820)
    Vendor:   NVIDIA
    VRAM:     7948 MB
    Driver:   31.0.15.5123
Initialize mono
Mono path[0] = 'C:/Program Files/Unity 2022.3.0f1/Editor/Data/Managed'
Mono path[1] = 'C:/Program Files/Unity 2022.3.0f1/Editor/Data/MonoBleedingEdge/lib/mono/unityjit-win32'
Mono config path = 'C:/Program Files/Unity 2022.3.0f1/Editor/Data/MonoBleedingEdge/etc'
Using monoOptions --debugger-agent=transport=dt_socket,embedding=1,server=y,suspend=n,address=127.0.0.1:56584
Begin MonoManager ReloadAssembly
Registering precompiled unity dll's ...
Register platform support module: C:/Program Files/Unity 2022.3.0f1/Editor/Data/PlaybackEngines/WindowsStandaloneSupport/UnityEditor.WindowsStandalone.Extensions.dll
Registered in 0.003619 seconds.
- Loaded All Assemblies, in  0.225 seconds
Native extension for WindowsStandalone target not found
Mono: successfully reloaded assembly
- Finished resetting the current domain, in  0.176 seconds
Domain Reload Profiling: 400ms
	BeginReloadAssembly (61ms)
		ExecutionOrderSort (0ms)
		DisableScriptedObjects (0ms)
		BackupInstance (0ms)
		ReleaseScriptingObjects (0ms)
		CreateAndSetChildDomain (0ms)
	RebuildCommonClasses (24ms)
	RebuildNativeTypeToScriptingClass (7ms)
	initialDomainReloadingComplete (37ms)
	LoadAllAssembliesAndSetupDomain (94ms)
		LoadAssemblies (60ms)
		RebuildTransferFunctionScriptingTraits (0ms)
		AnalyzeDomain (90ms)
			TypeCache.Refresh (89ms)
				TypeCache.ScanAssembly (81ms)
			ScanForSourceGeneratedMonoScriptInfo (0ms)
			ResolveRequiredComponents (0ms)
	FinalizeReload (177ms)
		ReleaseScriptCaches (0ms)
		RebuildScriptCaches (0ms)
		SetupLoadedEditorAssemblies (138ms)
			LogAssemblyErrors (0ms)
			InitializePlatformSupportModulesInManaged (6ms)
			SetLoadedEditorAssemblies (5ms)
			RefreshPlugins (0ms)
			BeforeProcessingInitializeOnLoad (1ms)
			ProcessInitializeOnLoadAttributes (94ms)
			ProcessInitializeOnLoadMethodAttributes (31ms)
			AfterProcessingInitializeOnLoad (0ms)
			EditorAssembliesLoaded (0ms)
		ExecutionOrderSort2 (0ms)
		AwakeInstancesAfterBackupRestoration (0ms)
========================================================================
Worker process is ready to serve import requests
Begin MonoManager ReloadAssembly
Symbol file LoadedFromMemory doesn't match image C:\Users\qingyuanzi\Desktop\Memo-Internship\Library\PackageCache\com.unity.visualscripting@1.8.0\Editor\VisualScripting.Core\Dependencies\YamlDotNet\Unity.VisualScripting.YamlDotNet.dll
Symbol file LoadedFromMemory doesn't match image C:\Users\qingyuanzi\Desktop\Memo-Internship\Library\PackageCache\com.unity.visualscripting@1.8.0\Editor\VisualScripting.Core\Dependencies\DotNetZip\Unity.VisualScripting.IonicZip.dll
- Loaded All Assemblies, in  0.532 seconds
Refreshing native plugins compatible for Editor in 3.23 ms, found 4 plugins.
Native extension for WindowsStandalone target not found
Mono: successfully reloaded assembly
- Finished resetting the current domain, in  0.371 seconds
Domain Reload Profiling: 901ms
	BeginReloadAssembly (88ms)
		ExecutionOrderSort (0ms)
		DisableScriptedObjects (3ms)
		BackupInstance (0ms)
		ReleaseScriptingObjects (0ms)
		CreateAndSetChildDomain (14ms)
	RebuildCommonClasses (22ms)
	RebuildNativeTypeToScriptingClass (7ms)
	initialDomainReloadingComplete (31ms)
	LoadAllAssembliesAndSetupDomain (381ms)
		LoadAssemblies (230ms)
		RebuildTransferFunctionScriptingTraits (0ms)
		AnalyzeDomain (193ms)
			TypeCache.Refresh (177ms)
				TypeCache.ScanAssembly (170ms)
			ScanForSourceGeneratedMonoScriptInfo (13ms)
			ResolveRequiredComponents (3ms)
	FinalizeReload (372ms)
		ReleaseScriptCaches (0ms)
		RebuildScriptCaches (0ms)
		SetupLoadedEditorAssemblies (269ms)
			LogAssemblyErrors (0ms)
			InitializePlatformSupportModulesInManaged (3ms)
			SetLoadedEditorAssemblies (3ms)
			RefreshPlugins (0ms)
			BeforeProcessingInitializeOnLoad (44ms)
			ProcessInitializeOnLoadAttributes (195ms)
			ProcessInitializeOnLoadMethodAttributes (19ms)
			AfterProcessingInitializeOnLoad (5ms)
			EditorAssembliesLoaded (0ms)
		ExecutionOrderSort2 (0ms)
		AwakeInstancesAfterBackupRestoration (6ms)
Launched and connected shader compiler UnityShaderCompiler.exe after 0.08 seconds
Refreshing native plugins compatible for Editor in 5.55 ms, found 4 plugins.
Preloading 0 native plugins for Editor in 0.00 ms.
Unloading 3954 Unused Serialized files (Serialized files now loaded: 0)
Unloading 63 unused Assets / (60.4 KB). Loaded Objects now: 4418.
Memory consumption went from 138.4 MB to 138.3 MB.
Total: 2.733400 ms (FindLiveObjects: 0.190600 ms CreateObjectMapping: 0.062100 ms MarkObjects: 2.386800 ms  DeleteObjects: 0.092900 ms)

AssetImportParameters requested are different than current active one (requested -> active):
  custom:container-demuxer-ogg: 62fdf1f143b41e24485cea50d1cbac27 -> 
  custom:video-codec-MediaFoundation-h265: 746d11721c4dcdbdad8f713fa42b33f4 -> 
  custom:video-decoder-ogg-theora: a1e56fd34408186e4bbccfd4996cb3dc -> 
  custom:framework-win-MediaFoundation: 216162199b28c13a410421893ffa2e32 -> 
  custom:container-demuxer-webm: 4f35f7cbe854078d1ac9338744f61a02 -> 
  custom:container-muxer-webm: aa71ff27fc2769a1b78a27578f13a17b -> 
  custom:video-decoder-webm-vp8: 9c59270c3fd7afecdb556c50c9e8de78 -> 
  custom:AudioImporter_EditorPlatform: d09bf68614088b80899f8185d706f6e7 -> 
  custom:video-encoder-webm-vp8: eb34c28f22e8b96e1ab97ce403110664 -> 
  custom:audio-decoder-ogg-vorbis: bf7c407c2cedff20999df2af8eb42d56 -> 
  custom:audio-encoder-webm-vorbis: bf7c407c2cedff20999df2af8eb42d56 -> 
========================================================================
Received Import Request.
  Time since last request: 48215.171289 seconds.
  path: Assets/Resource/graphics/1x/sprite-1-3.png
  artifactKey: Guid(d67e3f32a31134c45867a402446124eb) Importer(815301076,1909f56bfc062723c751e8b465ee728b)
Start importing Assets/Resource/graphics/1x/sprite-1-3.png using Guid(d67e3f32a31134c45867a402446124eb) Importer(815301076,1909f56bfc062723c751e8b465ee728b)  -> (artifact id: 'f187b5af6caf7549a0361f0df22b0a6e') in 0.118346 seconds
Number of updated asset objects reloaded before import = 0
Number of asset objects unloaded after import = 3
========================================================================
Received Import Request.
  Time since last request: 0.000050 seconds.
  path: Assets/Resource/graphics/1x/sprite-68-4.png
  artifactKey: Guid(f012af32abd6f7e4aafb20c64a4db73b) Importer(815301076,1909f56bfc062723c751e8b465ee728b)
Start importing Assets/Resource/graphics/1x/sprite-68-4.png using Guid(f012af32abd6f7e4aafb20c64a4db73b) Importer(815301076,1909f56bfc062723c751e8b465ee728b)  -> (artifact id: '58dbc7ea86fe9e6439d53294bc2cccb8') in 0.030092 seconds
Number of updated asset objects reloaded before import = 0
Number of asset objects unloaded after import = 3
========================================================================
Received Import Request.
  Time since last request: 0.000224 seconds.
  path: Assets/Resource/graphics/1x/sprite-11-0.png
  artifactKey: Guid(d9be55974e433a54685cbdf41c6bddad) Importer(815301076,1909f56bfc062723c751e8b465ee728b)
Start importing Assets/Resource/graphics/1x/sprite-11-0.png using Guid(d9be55974e433a54685cbdf41c6bddad) Importer(815301076,1909f56bfc062723c751e8b465ee728b)  -> (artifact id: 'a598eddaf81ed8e609fed93919035cb0') in 0.017030 seconds
Number of updated asset objects reloaded before import = 0
Number of asset objects unloaded after import = 3
========================================================================
Received Import Request.
  Time since last request: 0.000015 seconds.
  path: Assets/Resource/graphics/1x/sprite-1-26.png
  artifactKey: Guid(de62f2b47cb1e1c448c44831d16e6af0) Importer(815301076,1909f56bfc062723c751e8b465ee728b)
Start importing Assets/Resource/graphics/1x/sprite-1-26.png using Guid(de62f2b47cb1e1c448c44831d16e6af0) Importer(815301076,1909f56bfc062723c751e8b465ee728b)  -> (artifact id: '4c904f51aef3b95f60c3c3b6e6046673') in 0.017188 seconds
Number of updated asset objects reloaded before import = 0
Number of asset objects unloaded after import = 3
========================================================================
Received Import Request.
  Time since last request: 0.000014 seconds.
  path: Assets/Resource/graphics/1x/sprite-65-3.png
  artifactKey: Guid(589ae368d8f874046a1a73a3e1b6cc75) Importer(815301076,1909f56bfc062723c751e8b465ee728b)
Start importing Assets/Resource/graphics/1x/sprite-65-3.png using Guid(589ae368d8f874046a1a73a3e1b6cc75) Importer(815301076,1909f56bfc062723c751e8b465ee728b)  -> (artifact id: 'd264078dd1abd113ceccbb56756e8b88') in 0.017027 seconds
Number of updated asset objects reloaded before import = 0
Number of asset objects unloaded after import = 3
========================================================================
Received Import Request.
  Time since last request: 0.000039 seconds.
  path: Assets/Resource/graphics/1x/sprite-1-19.png
  artifactKey: Guid(d0be3c580e5dea14a88e3774cb52b4f2) Importer(815301076,1909f56bfc062723c751e8b465ee728b)
Start importing Assets/Resource/graphics/1x/sprite-1-19.png using Guid(d0be3c580e5dea14a88e3774cb52b4f2) Importer(815301076,1909f56bfc062723c751e8b465ee728b)  -> (artifact id: '5cedfb39229ac97faa80ffc2e94ec24d') in 0.016841 seconds
Number of updated asset objects reloaded before import = 0
Number of asset objects unloaded after import = 3
========================================================================
Received Import Request.
  Time since last request: 0.000011 seconds.
  path: Assets/Resource/graphics/1x/sprite-68-2.png
  artifactKey: Guid(e006917782f2f404eb31344f71621749) Importer(815301076,1909f56bfc062723c751e8b465ee728b)
Start importing Assets/Resource/graphics/1x/sprite-68-2.png using Guid(e006917782f2f404eb31344f71621749) Importer(815301076,1909f56bfc062723c751e8b465ee728b)  -> (artifact id: '63233e3f496ee6f18e69c622ebcf3ba6') in 0.017098 seconds
Number of updated asset objects reloaded before import = 0
Number of asset objects unloaded after import = 3
========================================================================
Received Import Request.
  Time since last request: 0.000109 seconds.
  path: Assets/Resource/graphics/1x/sprite-21-3.png
  artifactKey: Guid(f75ead15a083d11439725bf6a0a02541) Importer(815301076,1909f56bfc062723c751e8b465ee728b)
Start importing Assets/Resource/graphics/1x/sprite-21-3.png using Guid(f75ead15a083d11439725bf6a0a02541) Importer(815301076,1909f56bfc062723c751e8b465ee728b)  -> (artifact id: '70275b52a06cfaacc36b4e8bd9a98c63') in 0.018099 seconds
Number of updated asset objects reloaded before import = 0
Number of asset objects unloaded after import = 3
========================================================================
Received Import Request.
  Time since last request: 0.000083 seconds.
  path: Assets/Resource/graphics/1x/sprite-11-8.png
  artifactKey: Guid(9d835706f1126e34a98211ff6cf90234) Importer(815301076,1909f56bfc062723c751e8b465ee728b)
Start importing Assets/Resource/graphics/1x/sprite-11-8.png using Guid(9d835706f1126e34a98211ff6cf90234) Importer(815301076,1909f56bfc062723c751e8b465ee728b)  -> (artifact id: 'b49edb190262e974a1a62e240c9f6f77') in 0.015564 seconds
Number of updated asset objects reloaded before import = 0
Number of asset objects unloaded after import = 3
========================================================================
Received Import Request.
  Time since last request: 0.000023 seconds.
  path: Assets/Resource/graphics/1x/sprite-9-0.png
  artifactKey: Guid(c0037cda0ef3d1c4f8237d1aebeb05fb) Importer(815301076,1909f56bfc062723c751e8b465ee728b)
Start importing Assets/Resource/graphics/1x/sprite-9-0.png using Guid(c0037cda0ef3d1c4f8237d1aebeb05fb) Importer(815301076,1909f56bfc062723c751e8b465ee728b)  -> (artifact id: '802d33eed68c894a4d867656f99bb940') in 0.016543 seconds
Number of updated asset objects reloaded before import = 0
Number of asset objects unloaded after import = 3
========================================================================
Received Import Request.
  Time since last request: 0.000013 seconds.
  path: Assets/Resource/graphics/1x/sprite-11-2.png
  artifactKey: Guid(78021f4d0879d184081f2cae1f521656) Importer(815301076,1909f56bfc062723c751e8b465ee728b)
Start importing Assets/Resource/graphics/1x/sprite-11-2.png using Guid(78021f4d0879d184081f2cae1f521656) Importer(815301076,1909f56bfc062723c751e8b465ee728b)  -> (artifact id: 'b8a2df39f810f6b57e530af67786355f') in 0.017029 seconds
Number of updated asset objects reloaded before import = 0
Number of asset objects unloaded after import = 3
========================================================================
Received Import Request.
  Time since last request: 0.000028 seconds.
  path: Assets/Resource/graphics/1x/sprite-65-1.png
  artifactKey: Guid(c879b93d5ee848641b207ffeee7ea074) Importer(815301076,1909f56bfc062723c751e8b465ee728b)
Start importing Assets/Resource/graphics/1x/sprite-65-1.png using Guid(c879b93d5ee848641b207ffeee7ea074) Importer(815301076,1909f56bfc062723c751e8b465ee728b)  -> (artifact id: '9b2bb75689db63e3f70f4c731180e792') in 0.019152 seconds
Number of updated asset objects reloaded before import = 0
Number of asset objects unloaded after import = 3
========================================================================
Received Import Request.
  Time since last request: 0.000015 seconds.
  path: Assets/Resource/graphics/1x/sprite-19-3.png
  artifactKey: Guid(9adfd509acc19344b8cc4121e83c830a) Importer(815301076,1909f56bfc062723c751e8b465ee728b)
Start importing Assets/Resource/graphics/1x/sprite-19-3.png using Guid(9adfd509acc19344b8cc4121e83c830a) Importer(815301076,1909f56bfc062723c751e8b465ee728b)  -> (artifact id: '55b69b2204e20b86be7e1e631c8efd95') in 0.015668 seconds
Number of updated asset objects reloaded before import = 0
Number of asset objects unloaded after import = 3
========================================================================
Received Import Request.
  Time since last request: 0.000018 seconds.
  path: Assets/Resource/graphics/1x/sprite-19-4.png
  artifactKey: Guid(b7f79996147da66458cb7a7a148d37de) Importer(815301076,1909f56bfc062723c751e8b465ee728b)
Start importing Assets/Resource/graphics/1x/sprite-19-4.png using Guid(b7f79996147da66458cb7a7a148d37de) Importer(815301076,1909f56bfc062723c751e8b465ee728b)  -> (artifact id: '627631f3de01c07229b3d2ea344a3787') in 0.007321 seconds
Number of updated asset objects reloaded before import = 0
Number of asset objects unloaded after import = 3
========================================================================
Received Import Request.
  Time since last request: 0.000013 seconds.
  path: Assets/Resource/graphics/1x/sprite-1-12.png
  artifactKey: Guid(c0885c77882391e4f8cfb3d7248eeee6) Importer(815301076,1909f56bfc062723c751e8b465ee728b)
Start importing Assets/Resource/graphics/1x/sprite-1-12.png using Guid(c0885c77882391e4f8cfb3d7248eeee6) Importer(815301076,1909f56bfc062723c751e8b465ee728b)  -> (artifact id: 'd33032aef65b56bb9a615ba5d1e15977') in 0.016548 seconds
Number of updated asset objects reloaded before import = 0
Number of asset objects unloaded after import = 3
========================================================================
Received Import Request.
  Time since last request: 0.000025 seconds.
  path: Assets/Resource/graphics/1x/sprite-1-21.png
  artifactKey: Guid(872ab476c6a864f4e8de0b1e239a70e8) Importer(815301076,1909f56bfc062723c751e8b465ee728b)
Start importing Assets/Resource/graphics/1x/sprite-1-21.png using Guid(872ab476c6a864f4e8de0b1e239a70e8) Importer(815301076,1909f56bfc062723c751e8b465ee728b)  -> (artifact id: 'f709dfb10af33af992fa29044faeff3b') in 0.015201 seconds
Number of updated asset objects reloaded before import = 0
Number of asset objects unloaded after import = 3
========================================================================
Received Import Request.
  Time since last request: 0.738459 seconds.
  path: Assets/Resource/graphics/1x/sprite-68-11.png
  artifactKey: Guid(406e22034eda7394ca29adb9bb192cff) Importer(815301076,1909f56bfc062723c751e8b465ee728b)
Start importing Assets/Resource/graphics/1x/sprite-68-11.png using Guid(406e22034eda7394ca29adb9bb192cff) Importer(815301076,1909f56bfc062723c751e8b465ee728b)  -> (artifact id: '131eac264eeb7a0a7b26ca5fc77bac82') in 0.022248 seconds
Number of updated asset objects reloaded before import = 0
Number of asset objects unloaded after import = 3
========================================================================
Received Import Request.
  Time since last request: 0.000013 seconds.
  path: Assets/Resource/graphics/1x/sprite-70-7.png
  artifactKey: Guid(08497fd6a6005e9449829fc210ab9655) Importer(815301076,1909f56bfc062723c751e8b465ee728b)
Start importing Assets/Resource/graphics/1x/sprite-70-7.png using Guid(08497fd6a6005e9449829fc210ab9655) Importer(815301076,1909f56bfc062723c751e8b465ee728b)  -> (artifact id: '584e1c6deda1b5e68cd4abda8bd2d0e5') in 0.018996 seconds
Number of updated asset objects reloaded before import = 0
Number of asset objects unloaded after import = 3
========================================================================
Received Import Request.
  Time since last request: 0.000016 seconds.
  path: Assets/Resource/graphics/1x/sprite-80-2.png
  artifactKey: Guid(bdf32fce54c339e45898de1706501aba) Importer(815301076,1909f56bfc062723c751e8b465ee728b)
Start importing Assets/Resource/graphics/1x/sprite-80-2.png using Guid(bdf32fce54c339e45898de1706501aba) Importer(815301076,1909f56bfc062723c751e8b465ee728b)  -> (artifact id: 'c76d4ae649954b2f32939969665eed15') in 0.019623 seconds
Number of updated asset objects reloaded before import = 0
Number of asset objects unloaded after import = 3
========================================================================
Received Import Request.
  Time since last request: 0.000018 seconds.
  path: Assets/Resource/graphics/1x/sprite-87-0.png
  artifactKey: Guid(20363e365cb9dc44dbba73ad729dfd5b) Importer(815301076,1909f56bfc062723c751e8b465ee728b)
Start importing Assets/Resource/graphics/1x/sprite-87-0.png using Guid(20363e365cb9dc44dbba73ad729dfd5b) Importer(815301076,1909f56bfc062723c751e8b465ee728b)  -> (artifact id: '104ac60ff7396c5f2d747cf033896626') in 0.016811 seconds
Number of updated asset objects reloaded before import = 0
Number of asset objects unloaded after import = 3
========================================================================
Received Import Request.
  Time since last request: 0.000015 seconds.
  path: Assets/Resource/graphics/1x/sprite-70-3.png
  artifactKey: Guid(f890463236c6cf54ca9af63d9b41e12d) Importer(815301076,1909f56bfc062723c751e8b465ee728b)
Start importing Assets/Resource/graphics/1x/sprite-70-3.png using Guid(f890463236c6cf54ca9af63d9b41e12d) Importer(815301076,1909f56bfc062723c751e8b465ee728b)  -> (artifact id: '5944bdc5b475f61eb1a4d796a1d8f6e9') in 0.016371 seconds
Number of updated asset objects reloaded before import = 0
Number of asset objects unloaded after import = 3
========================================================================
Received Import Request.
  Time since last request: 0.000024 seconds.
  path: Assets/Resource/graphics/1x/sprite-82-1.png
  artifactKey: Guid(4512648c19ae36d4bbd9cff07156f312) Importer(815301076,1909f56bfc062723c751e8b465ee728b)
Start importing Assets/Resource/graphics/1x/sprite-82-1.png using Guid(4512648c19ae36d4bbd9cff07156f312) Importer(815301076,1909f56bfc062723c751e8b465ee728b)  -> (artifact id: 'fe8270be7f217580a602ab87bb124fd6') in 0.006238 seconds
Number of updated asset objects reloaded before import = 0
Number of asset objects unloaded after import = 3
========================================================================
Received Import Request.
  Time since last request: 0.000013 seconds.
  path: Assets/Resource/graphics/1x/sprite-91-0.png
  artifactKey: Guid(b5e37bea54a65d74bac92af1a904042d) Importer(815301076,1909f56bfc062723c751e8b465ee728b)
Start importing Assets/Resource/graphics/1x/sprite-91-0.png using Guid(b5e37bea54a65d74bac92af1a904042d) Importer(815301076,1909f56bfc062723c751e8b465ee728b)  -> (artifact id: '9d161728c379aec453c5ac1e605fd935') in 0.007672 seconds
Number of updated asset objects reloaded before import = 0
Number of asset objects unloaded after import = 3
========================================================================
Received Import Request.
  Time since last request: 0.000018 seconds.
  path: Assets/Resource/graphics/1x/sprite-70-2.png
  artifactKey: Guid(577868d9252338746bcf48c95dda891a) Importer(815301076,1909f56bfc062723c751e8b465ee728b)
Start importing Assets/Resource/graphics/1x/sprite-70-2.png using Guid(577868d9252338746bcf48c95dda891a) Importer(815301076,1909f56bfc062723c751e8b465ee728b)  -> (artifact id: '817358f99c57901ed92758e1fdec9928') in 0.019008 seconds
Number of updated asset objects reloaded before import = 0
Number of asset objects unloaded after import = 3
========================================================================
Received Import Request.
  Time since last request: 2.940890 seconds.
  path: Assets/Resource/sfx/sound-29.ogg
  artifactKey: Guid(39f8d848f800e864595fe2ab3e70b232) Importer(815301076,1909f56bfc062723c751e8b465ee728b)
Start importing Assets/Resource/sfx/sound-29.ogg using Guid(39f8d848f800e864595fe2ab3e70b232) Importer(815301076,1909f56bfc062723c751e8b465ee728b)  -> (artifact id: '1ff2ebf075afa324199a0ceb24494012') in 0.047058 seconds
Number of updated asset objects reloaded before import = 0
Number of asset objects unloaded after import = 2
========================================================================
Received Import Request.
  Time since last request: 0.000025 seconds.
  path: Assets/Resource/sfx/sound-46.ogg
  artifactKey: Guid(57b2ea662f3d250409e53f32d9724077) Importer(815301076,1909f56bfc062723c751e8b465ee728b)
Start importing Assets/Resource/sfx/sound-46.ogg using Guid(57b2ea662f3d250409e53f32d9724077) Importer(815301076,1909f56bfc062723c751e8b465ee728b)  -> (artifact id: '21bb0c017e09f7a2ff13f53de539998e') in 0.017779 seconds
Number of updated asset objects reloaded before import = 0
Number of asset objects unloaded after import = 2
========================================================================
Received Import Request.
  Time since last request: 0.000189 seconds.
  path: Assets/Resource/sfx/sound-37.ogg
  artifactKey: Guid(ad00db666a059194eb0e1bac7950c1e9) Importer(815301076,1909f56bfc062723c751e8b465ee728b)
Start importing Assets/Resource/sfx/sound-37.ogg using Guid(ad00db666a059194eb0e1bac7950c1e9) Importer(815301076,1909f56bfc062723c751e8b465ee728b)  -> (artifact id: 'cb759f1da5aff83e77e6491fa74ef189') in 0.035696 seconds
Number of updated asset objects reloaded before import = 0
Number of asset objects unloaded after import = 2
========================================================================
Received Import Request.
  Time since last request: 0.000021 seconds.
  path: Assets/Resource/sfx/sound-45.ogg
  artifactKey: Guid(cca20175aa4f61247bda3b20800fd909) Importer(815301076,1909f56bfc062723c751e8b465ee728b)
Start importing Assets/Resource/sfx/sound-45.ogg using Guid(cca20175aa4f61247bda3b20800fd909) Importer(815301076,1909f56bfc062723c751e8b465ee728b)  -> (artifact id: '974bf2a1aa2af66d3392072ae0f73541') in 0.018550 seconds
Number of updated asset objects reloaded before import = 0
Number of asset objects unloaded after import = 2
========================================================================
Received Import Request.
  Time since last request: 0.000032 seconds.
  path: Assets/Resource/sfx/sound-61.ogg
  artifactKey: Guid(bd5c4754b64a6164a80e98d97907f3b1) Importer(815301076,1909f56bfc062723c751e8b465ee728b)
Start importing Assets/Resource/sfx/sound-61.ogg using Guid(bd5c4754b64a6164a80e98d97907f3b1) Importer(815301076,1909f56bfc062723c751e8b465ee728b)  -> (artifact id: '2f1acd62a50bfaf6626628a2436058b8') in 0.021900 seconds
Number of updated asset objects reloaded before import = 0
Number of asset objects unloaded after import = 2
========================================================================
Received Import Request.
  Time since last request: 0.000036 seconds.
  path: Assets/Resource/sfx/sound-63.ogg
  artifactKey: Guid(dae69a32153490742a3768c4d90e5a93) Importer(815301076,1909f56bfc062723c751e8b465ee728b)
Start importing Assets/Resource/sfx/sound-63.ogg using Guid(dae69a32153490742a3768c4d90e5a93) Importer(815301076,1909f56bfc062723c751e8b465ee728b)  -> (artifact id: '48e663c326d990d4a4c3086c1c80238b') in 0.017422 seconds
Number of updated asset objects reloaded before import = 0
Number of asset objects unloaded after import = 2
========================================================================
Received Import Request.
  Time since last request: 0.000019 seconds.
  path: Assets/Resource/sfx/sound-43.ogg
  artifactKey: Guid(3db937bb224c84c42bc5cdc420124097) Importer(815301076,1909f56bfc062723c751e8b465ee728b)
Start importing Assets/Resource/sfx/sound-43.ogg using Guid(3db937bb224c84c42bc5cdc420124097) Importer(815301076,1909f56bfc062723c751e8b465ee728b)  -> (artifact id: '3f5f0708469f138e8c55dec2a0128010') in 0.058315 seconds
Number of updated asset objects reloaded before import = 0
Number of asset objects unloaded after import = 2
Editor requested this worker to shutdown with reason: Scaling down because of idle timeout
TcpMessagingSession - receive error: operation aborted. errorcode: 995, details: 由于线程退出或应用程序请求，已中止 I/O 操作。
AssetImportWorker is now disconnected from the server
Process exiting
Exiting without the bug reporter. Application will terminate with return code 0