Using pre-set license
Built from '2022.3/release' branch; Version is '2022.3.0f1 (fb119bb0b476) revision 16454043'; Using compiler version '192829333'; Build Type 'Release'
OS: 'Windows 11  (10.0.22631) 64bit CoreCountrySpecific' Language: 'zh' Physical Memory: 32496 MB
BatchMode: 1, IsHumanControllingUs: 0, StartBugReporterOnCrash: 0, Is64bit: 1, IsPro: 1

COMMAND LINE ARGUMENTS:
C:\Program Files\Unity 2022.3.0f1\Editor\Unity.exe
-adb2
-batchMode
-noUpm
-name
AssetImportWorker5
-projectPath
C:/Users/qingyuanzi/Desktop/Memo-Internship
-logFile
Logs/AssetImportWorker5.log
-srvPort
29499
Successfully changed project path to: C:/Users/qingyuanzi/Desktop/Memo-Internship
C:/Users/qingyuanzi/Desktop/Memo-Internship
[UnityMemory] Configuration Parameters - Can be set up in boot.config
    "memorysetup-bucket-allocator-granularity=16"
    "memorysetup-bucket-allocator-bucket-count=8"
    "memorysetup-bucket-allocator-block-size=33554432"
    "memorysetup-bucket-allocator-block-count=8"
    "memorysetup-main-allocator-block-size=16777216"
    "memorysetup-thread-allocator-block-size=16777216"
    "memorysetup-gfx-main-allocator-block-size=16777216"
    "memorysetup-gfx-thread-allocator-block-size=16777216"
    "memorysetup-cache-allocator-block-size=4194304"
    "memorysetup-typetree-allocator-block-size=2097152"
    "memorysetup-profiler-bucket-allocator-granularity=16"
    "memorysetup-profiler-bucket-allocator-bucket-count=8"
    "memorysetup-profiler-bucket-allocator-block-size=33554432"
    "memorysetup-profiler-bucket-allocator-block-count=8"
    "memorysetup-profiler-allocator-block-size=16777216"
    "memorysetup-profiler-editor-allocator-block-size=1048576"
    "memorysetup-temp-allocator-size-main=16777216"
    "memorysetup-job-temp-allocator-block-size=2097152"
    "memorysetup-job-temp-allocator-block-size-background=1048576"
    "memorysetup-job-temp-allocator-reduction-small-platforms=262144"
    "memorysetup-allocator-temp-initial-block-size-main=262144"
    "memorysetup-allocator-temp-initial-block-size-worker=262144"
    "memorysetup-temp-allocator-size-background-worker=32768"
    "memorysetup-temp-allocator-size-job-worker=262144"
    "memorysetup-temp-allocator-size-preload-manager=33554432"
    "memorysetup-temp-allocator-size-nav-mesh-worker=65536"
    "memorysetup-temp-allocator-size-audio-worker=65536"
    "memorysetup-temp-allocator-size-cloud-worker=32768"
    "memorysetup-temp-allocator-size-gi-baking-worker=262144"
    "memorysetup-temp-allocator-size-gfx=262144"
Player connection [44556] Host "[IP] 192.168.229.1 [Port] 0 [Flags] 2 [Guid] 2797525492 [EditorId] 2797525492 [Version] 1048832 [Id] WindowsEditor(7,Qingyuanzi) [Debug] 1 [PackageName] WindowsEditor [ProjectName] Editor" joined multi-casting on [225.0.0.222:54997]...

Player connection [44556] Host "[IP] 192.168.229.1 [Port] 0 [Flags] 2 [Guid] 2797525492 [EditorId] 2797525492 [Version] 1048832 [Id] WindowsEditor(7,Qingyuanzi) [Debug] 1 [PackageName] WindowsEditor [ProjectName] Editor" joined alternative multi-casting on [225.0.0.222:34997]...

Refreshing native plugins compatible for Editor in 9.67 ms, found 4 plugins.
Preloading 0 native plugins for Editor in 0.00 ms.
Initialize engine version: 2022.3.0f1 (fb119bb0b476)
[Subsystems] Discovering subsystems at path C:/Program Files/Unity 2022.3.0f1/Editor/Data/Resources/UnitySubsystems
[Subsystems] Discovering subsystems at path C:/Users/qingyuanzi/Desktop/Memo-Internship/Assets
GfxDevice: creating device client; threaded=0; jobified=0
Direct3D:
    Version:  Direct3D 11.0 [level 11.1]
    Renderer: NVIDIA GeForce RTX 4070 Laptop GPU (ID=0x2820)
    Vendor:   NVIDIA
    VRAM:     7948 MB
    Driver:   31.0.15.5123
Initialize mono
Mono path[0] = 'C:/Program Files/Unity 2022.3.0f1/Editor/Data/Managed'
Mono path[1] = 'C:/Program Files/Unity 2022.3.0f1/Editor/Data/MonoBleedingEdge/lib/mono/unityjit-win32'
Mono config path = 'C:/Program Files/Unity 2022.3.0f1/Editor/Data/MonoBleedingEdge/etc'
Using monoOptions --debugger-agent=transport=dt_socket,embedding=1,server=y,suspend=n,address=127.0.0.1:56848
Begin MonoManager ReloadAssembly
Registering precompiled unity dll's ...
Register platform support module: C:/Program Files/Unity 2022.3.0f1/Editor/Data/PlaybackEngines/WindowsStandaloneSupport/UnityEditor.WindowsStandalone.Extensions.dll
Registered in 0.004278 seconds.
- Loaded All Assemblies, in  0.222 seconds
Native extension for WindowsStandalone target not found
Mono: successfully reloaded assembly
- Finished resetting the current domain, in  0.175 seconds
Domain Reload Profiling: 396ms
	BeginReloadAssembly (61ms)
		ExecutionOrderSort (0ms)
		DisableScriptedObjects (0ms)
		BackupInstance (0ms)
		ReleaseScriptingObjects (0ms)
		CreateAndSetChildDomain (0ms)
	RebuildCommonClasses (23ms)
	RebuildNativeTypeToScriptingClass (7ms)
	initialDomainReloadingComplete (39ms)
	LoadAllAssembliesAndSetupDomain (90ms)
		LoadAssemblies (59ms)
		RebuildTransferFunctionScriptingTraits (0ms)
		AnalyzeDomain (86ms)
			TypeCache.Refresh (86ms)
				TypeCache.ScanAssembly (78ms)
			ScanForSourceGeneratedMonoScriptInfo (0ms)
			ResolveRequiredComponents (0ms)
	FinalizeReload (175ms)
		ReleaseScriptCaches (0ms)
		RebuildScriptCaches (0ms)
		SetupLoadedEditorAssemblies (137ms)
			LogAssemblyErrors (0ms)
			InitializePlatformSupportModulesInManaged (6ms)
			SetLoadedEditorAssemblies (5ms)
			RefreshPlugins (0ms)
			BeforeProcessingInitializeOnLoad (1ms)
			ProcessInitializeOnLoadAttributes (92ms)
			ProcessInitializeOnLoadMethodAttributes (32ms)
			AfterProcessingInitializeOnLoad (0ms)
			EditorAssembliesLoaded (0ms)
		ExecutionOrderSort2 (0ms)
		AwakeInstancesAfterBackupRestoration (0ms)
========================================================================
Worker process is ready to serve import requests
Begin MonoManager ReloadAssembly
Symbol file LoadedFromMemory doesn't match image C:\Users\qingyuanzi\Desktop\Memo-Internship\Library\PackageCache\com.unity.visualscripting@1.8.0\Editor\VisualScripting.Core\Dependencies\YamlDotNet\Unity.VisualScripting.YamlDotNet.dll
Symbol file LoadedFromMemory doesn't match image C:\Users\qingyuanzi\Desktop\Memo-Internship\Library\PackageCache\com.unity.visualscripting@1.8.0\Editor\VisualScripting.Core\Dependencies\DotNetZip\Unity.VisualScripting.IonicZip.dll
- Loaded All Assemblies, in  0.533 seconds
Refreshing native plugins compatible for Editor in 3.00 ms, found 4 plugins.
Native extension for WindowsStandalone target not found
Mono: successfully reloaded assembly
- Finished resetting the current domain, in  0.373 seconds
Domain Reload Profiling: 902ms
	BeginReloadAssembly (87ms)
		ExecutionOrderSort (0ms)
		DisableScriptedObjects (3ms)
		BackupInstance (0ms)
		ReleaseScriptingObjects (0ms)
		CreateAndSetChildDomain (14ms)
	RebuildCommonClasses (23ms)
	RebuildNativeTypeToScriptingClass (7ms)
	initialDomainReloadingComplete (31ms)
	LoadAllAssembliesAndSetupDomain (381ms)
		LoadAssemblies (229ms)
		RebuildTransferFunctionScriptingTraits (0ms)
		AnalyzeDomain (191ms)
			TypeCache.Refresh (175ms)
				TypeCache.ScanAssembly (167ms)
			ScanForSourceGeneratedMonoScriptInfo (13ms)
			ResolveRequiredComponents (3ms)
	FinalizeReload (373ms)
		ReleaseScriptCaches (0ms)
		RebuildScriptCaches (0ms)
		SetupLoadedEditorAssemblies (269ms)
			LogAssemblyErrors (0ms)
			InitializePlatformSupportModulesInManaged (3ms)
			SetLoadedEditorAssemblies (2ms)
			RefreshPlugins (0ms)
			BeforeProcessingInitializeOnLoad (44ms)
			ProcessInitializeOnLoadAttributes (194ms)
			ProcessInitializeOnLoadMethodAttributes (20ms)
			AfterProcessingInitializeOnLoad (5ms)
			EditorAssembliesLoaded (0ms)
		ExecutionOrderSort2 (0ms)
		AwakeInstancesAfterBackupRestoration (7ms)
Launched and connected shader compiler UnityShaderCompiler.exe after 0.05 seconds
Refreshing native plugins compatible for Editor in 5.00 ms, found 4 plugins.
Preloading 0 native plugins for Editor in 0.00 ms.
Unloading 3954 Unused Serialized files (Serialized files now loaded: 0)
Unloading 63 unused Assets / (60.4 KB). Loaded Objects now: 4418.
Memory consumption went from 138.4 MB to 138.3 MB.
Total: 2.507100 ms (FindLiveObjects: 0.178600 ms CreateObjectMapping: 0.051400 ms MarkObjects: 2.180700 ms  DeleteObjects: 0.095500 ms)

AssetImportParameters requested are different than current active one (requested -> active):
  custom:container-demuxer-ogg: 62fdf1f143b41e24485cea50d1cbac27 -> 
  custom:video-codec-MediaFoundation-h265: 746d11721c4dcdbdad8f713fa42b33f4 -> 
  custom:video-decoder-ogg-theora: a1e56fd34408186e4bbccfd4996cb3dc -> 
  custom:framework-win-MediaFoundation: 216162199b28c13a410421893ffa2e32 -> 
  custom:container-demuxer-webm: 4f35f7cbe854078d1ac9338744f61a02 -> 
  custom:container-muxer-webm: aa71ff27fc2769a1b78a27578f13a17b -> 
  custom:video-decoder-webm-vp8: 9c59270c3fd7afecdb556c50c9e8de78 -> 
  custom:AudioImporter_EditorPlatform: d09bf68614088b80899f8185d706f6e7 -> 
  custom:video-encoder-webm-vp8: eb34c28f22e8b96e1ab97ce403110664 -> 
  custom:audio-decoder-ogg-vorbis: bf7c407c2cedff20999df2af8eb42d56 -> 
  custom:audio-encoder-webm-vorbis: bf7c407c2cedff20999df2af8eb42d56 -> 
========================================================================
Received Import Request.
  Time since last request: 48215.172848 seconds.
  path: Assets/Resource/graphics/1x/sprite-1-5.png
  artifactKey: Guid(f8fe480d788ff3a4a94c085192b6791e) Importer(815301076,1909f56bfc062723c751e8b465ee728b)
Start importing Assets/Resource/graphics/1x/sprite-1-5.png using Guid(f8fe480d788ff3a4a94c085192b6791e) Importer(815301076,1909f56bfc062723c751e8b465ee728b)  -> (artifact id: '6a02986f7fcab40dbd159eb17d36017d') in 0.105960 seconds
Number of updated asset objects reloaded before import = 0
Number of asset objects unloaded after import = 3
========================================================================
Received Import Request.
  Time since last request: 0.000016 seconds.
  path: Assets/Resource/graphics/1x/sprite-21-4.png
  artifactKey: Guid(1ebff11fe13c75947989655f6fd2b1a7) Importer(815301076,1909f56bfc062723c751e8b465ee728b)
Start importing Assets/Resource/graphics/1x/sprite-21-4.png using Guid(1ebff11fe13c75947989655f6fd2b1a7) Importer(815301076,1909f56bfc062723c751e8b465ee728b)  -> (artifact id: '38b2d804939bc5d72ec331d31ae90e42') in 0.039757 seconds
Number of updated asset objects reloaded before import = 0
Number of asset objects unloaded after import = 3
========================================================================
Received Import Request.
  Time since last request: 0.000018 seconds.
  path: Assets/Resource/graphics/1x/sprite-1-25.png
  artifactKey: Guid(cbfde15d121bc4e4cbcbfa6f0c9b1e1b) Importer(815301076,1909f56bfc062723c751e8b465ee728b)
Start importing Assets/Resource/graphics/1x/sprite-1-25.png using Guid(cbfde15d121bc4e4cbcbfa6f0c9b1e1b) Importer(815301076,1909f56bfc062723c751e8b465ee728b)  -> (artifact id: '12aea2c68def1d097b44397c5879bb08') in 0.016705 seconds
Number of updated asset objects reloaded before import = 0
Number of asset objects unloaded after import = 3
========================================================================
Received Import Request.
  Time since last request: 0.000014 seconds.
  path: Assets/Resource/graphics/1x/sprite-3-0.png
  artifactKey: Guid(4ede1a178f7da9446a71f78fb9a9ff81) Importer(815301076,1909f56bfc062723c751e8b465ee728b)
Start importing Assets/Resource/graphics/1x/sprite-3-0.png using Guid(4ede1a178f7da9446a71f78fb9a9ff81) Importer(815301076,1909f56bfc062723c751e8b465ee728b)  -> (artifact id: 'b2bfff8eedc988e1e6967df007538b88') in 0.019835 seconds
Number of updated asset objects reloaded before import = 0
Number of asset objects unloaded after import = 3
========================================================================
Received Import Request.
  Time since last request: 0.000016 seconds.
  path: Assets/Resource/graphics/1x/sprite-11-3.png
  artifactKey: Guid(76896553e19e25c4a8a72850503ef1f9) Importer(815301076,1909f56bfc062723c751e8b465ee728b)
Start importing Assets/Resource/graphics/1x/sprite-11-3.png using Guid(76896553e19e25c4a8a72850503ef1f9) Importer(815301076,1909f56bfc062723c751e8b465ee728b)  -> (artifact id: 'cb198fc919f28ad9a5320708c9a5fe2a') in 0.015335 seconds
Number of updated asset objects reloaded before import = 0
Number of asset objects unloaded after import = 3
========================================================================
Received Import Request.
  Time since last request: 0.000017 seconds.
  path: Assets/Resource/graphics/1x/sprite-17-1.png
  artifactKey: Guid(1aaa4b2db7b4add4ab47b74c4631d883) Importer(815301076,1909f56bfc062723c751e8b465ee728b)
Start importing Assets/Resource/graphics/1x/sprite-17-1.png using Guid(1aaa4b2db7b4add4ab47b74c4631d883) Importer(815301076,1909f56bfc062723c751e8b465ee728b)  -> (artifact id: '779ad0288efe9e8f70d010f3e948fddb') in 0.016566 seconds
Number of updated asset objects reloaded before import = 0
Number of asset objects unloaded after import = 3
========================================================================
Received Import Request.
  Time since last request: 0.000064 seconds.
  path: Assets/Resource/graphics/1x/sprite-1-11.png
  artifactKey: Guid(e1b6fe987ba2fbf4abea4ac89da08560) Importer(815301076,1909f56bfc062723c751e8b465ee728b)
Start importing Assets/Resource/graphics/1x/sprite-1-11.png using Guid(e1b6fe987ba2fbf4abea4ac89da08560) Importer(815301076,1909f56bfc062723c751e8b465ee728b)  -> (artifact id: '0315adc1f09e429c319381864626b446') in 0.017605 seconds
Number of updated asset objects reloaded before import = 0
Number of asset objects unloaded after import = 3
========================================================================
Received Import Request.
  Time since last request: 0.000066 seconds.
  path: Assets/Resource/graphics/1x/sprite-1-9.png
  artifactKey: Guid(36684a2a4e884ef48aaac40329b610b9) Importer(815301076,1909f56bfc062723c751e8b465ee728b)
Start importing Assets/Resource/graphics/1x/sprite-1-9.png using Guid(36684a2a4e884ef48aaac40329b610b9) Importer(815301076,1909f56bfc062723c751e8b465ee728b)  -> (artifact id: '1237cae816bec4dcee3a1765cdfd6949') in 0.020212 seconds
Number of updated asset objects reloaded before import = 0
Number of asset objects unloaded after import = 3
========================================================================
Received Import Request.
  Time since last request: 0.000014 seconds.
  path: Assets/Resource/graphics/1x/sprite-1-6.png
  artifactKey: Guid(4a15b498df12b9845ab535292a159bb5) Importer(815301076,1909f56bfc062723c751e8b465ee728b)
Start importing Assets/Resource/graphics/1x/sprite-1-6.png using Guid(4a15b498df12b9845ab535292a159bb5) Importer(815301076,1909f56bfc062723c751e8b465ee728b)  -> (artifact id: '26b8dc2705e01c91b1efe9f855b2b546') in 0.015695 seconds
Number of updated asset objects reloaded before import = 0
Number of asset objects unloaded after import = 3
========================================================================
Received Import Request.
  Time since last request: 0.000017 seconds.
  path: Assets/Resource/graphics/1x/sprite-21-2.png
  artifactKey: Guid(eb48a02511a40bd44ac4ebc388f7796f) Importer(815301076,1909f56bfc062723c751e8b465ee728b)
Start importing Assets/Resource/graphics/1x/sprite-21-2.png using Guid(eb48a02511a40bd44ac4ebc388f7796f) Importer(815301076,1909f56bfc062723c751e8b465ee728b)  -> (artifact id: '4090d4ac7565794b2039d91a26e36d3c') in 0.016866 seconds
Number of updated asset objects reloaded before import = 0
Number of asset objects unloaded after import = 3
========================================================================
Received Import Request.
  Time since last request: 0.000019 seconds.
  path: Assets/Resource/graphics/1x/sprite-65-0.png
  artifactKey: Guid(441c75674ed52054897d8b5b555fc13a) Importer(815301076,1909f56bfc062723c751e8b465ee728b)
Start importing Assets/Resource/graphics/1x/sprite-65-0.png using Guid(441c75674ed52054897d8b5b555fc13a) Importer(815301076,1909f56bfc062723c751e8b465ee728b)  -> (artifact id: '29cd7609db39d80e149b7559b0d44b81') in 0.017157 seconds
Number of updated asset objects reloaded before import = 0
Number of asset objects unloaded after import = 3
========================================================================
Received Import Request.
  Time since last request: 0.000020 seconds.
  path: Assets/Resource/graphics/1x/sprite-1-27.png
  artifactKey: Guid(51f198b757203064c9f28d9f1a532306) Importer(815301076,1909f56bfc062723c751e8b465ee728b)
Start importing Assets/Resource/graphics/1x/sprite-1-27.png using Guid(51f198b757203064c9f28d9f1a532306) Importer(815301076,1909f56bfc062723c751e8b465ee728b)  -> (artifact id: 'b853d2496a617d213aa92edbfdde5368') in 0.018267 seconds
Number of updated asset objects reloaded before import = 0
Number of asset objects unloaded after import = 3
========================================================================
Received Import Request.
  Time since last request: 0.000016 seconds.
  path: Assets/Resource/graphics/1x/sprite-1-13.png
  artifactKey: Guid(987fb48e8707f6c41be058c0433a9494) Importer(815301076,1909f56bfc062723c751e8b465ee728b)
Start importing Assets/Resource/graphics/1x/sprite-1-13.png using Guid(987fb48e8707f6c41be058c0433a9494) Importer(815301076,1909f56bfc062723c751e8b465ee728b)  -> (artifact id: 'f7632417cad8ed4dee50ba0d8eea6247') in 0.014242 seconds
Number of updated asset objects reloaded before import = 0
Number of asset objects unloaded after import = 3
========================================================================
Received Import Request.
  Time since last request: 0.000060 seconds.
  path: Assets/Resource/graphics/1x/sprite-68-9.png
  artifactKey: Guid(18c7d6ce203df5f41a941b7092642568) Importer(815301076,1909f56bfc062723c751e8b465ee728b)
Start importing Assets/Resource/graphics/1x/sprite-68-9.png using Guid(18c7d6ce203df5f41a941b7092642568) Importer(815301076,1909f56bfc062723c751e8b465ee728b)  -> (artifact id: 'b1fab4d85853c88e1dcb77926d18925f') in 0.013476 seconds
Number of updated asset objects reloaded before import = 0
Number of asset objects unloaded after import = 3
========================================================================
Received Import Request.
  Time since last request: 0.000020 seconds.
  path: Assets/Resource/graphics/1x/sprite-13-1.png
  artifactKey: Guid(11153c589e5caa84b8527e268752dbfb) Importer(815301076,1909f56bfc062723c751e8b465ee728b)
Start importing Assets/Resource/graphics/1x/sprite-13-1.png using Guid(11153c589e5caa84b8527e268752dbfb) Importer(815301076,1909f56bfc062723c751e8b465ee728b)  -> (artifact id: '2e9b14692a8ec5794893edf691019728') in 0.020171 seconds
Number of updated asset objects reloaded before import = 0
Number of asset objects unloaded after import = 3
========================================================================
Received Import Request.
  Time since last request: 0.000063 seconds.
  path: Assets/Resource/graphics/1x/sprite-15-2.png
  artifactKey: Guid(2a7be58efdfb3f14a94119fc8b992420) Importer(815301076,1909f56bfc062723c751e8b465ee728b)
Start importing Assets/Resource/graphics/1x/sprite-15-2.png using Guid(2a7be58efdfb3f14a94119fc8b992420) Importer(815301076,1909f56bfc062723c751e8b465ee728b)  -> (artifact id: 'c5898c60377e61d4d06cca8a7db673e4') in 0.017219 seconds
Number of updated asset objects reloaded before import = 0
Number of asset objects unloaded after import = 3
========================================================================
Received Import Request.
  Time since last request: 0.728971 seconds.
  path: Assets/Resource/graphics/1x/sprite-68-13.png
  artifactKey: Guid(ce3c2ab7d69e6754a9a3511f50f7a4b5) Importer(815301076,1909f56bfc062723c751e8b465ee728b)
Start importing Assets/Resource/graphics/1x/sprite-68-13.png using Guid(ce3c2ab7d69e6754a9a3511f50f7a4b5) Importer(815301076,1909f56bfc062723c751e8b465ee728b)  -> (artifact id: 'ff6f1a98514d6e314e4cce886ecd14ae') in 0.022618 seconds
Number of updated asset objects reloaded before import = 0
Number of asset objects unloaded after import = 3
========================================================================
Received Import Request.
  Time since last request: 0.000020 seconds.
  path: Assets/Resource/graphics/1x/sprite-70-0.png
  artifactKey: Guid(0811c3fbbb4ed71489d40dc727196e9f) Importer(815301076,1909f56bfc062723c751e8b465ee728b)
Start importing Assets/Resource/graphics/1x/sprite-70-0.png using Guid(0811c3fbbb4ed71489d40dc727196e9f) Importer(815301076,1909f56bfc062723c751e8b465ee728b)  -> (artifact id: '3ad9c5c08b388fbb5b62c215d6969331') in 0.019336 seconds
Number of updated asset objects reloaded before import = 0
Number of asset objects unloaded after import = 3
========================================================================
Received Import Request.
  Time since last request: 0.000013 seconds.
  path: Assets/Resource/graphics/1x/sprite-78-1.png
  artifactKey: Guid(4f695739766236a458a73ed02837ca33) Importer(815301076,1909f56bfc062723c751e8b465ee728b)
Start importing Assets/Resource/graphics/1x/sprite-78-1.png using Guid(4f695739766236a458a73ed02837ca33) Importer(815301076,1909f56bfc062723c751e8b465ee728b)  -> (artifact id: '44a81cd96c593ad5096c21a1a7b9ade6') in 0.018035 seconds
Number of updated asset objects reloaded before import = 0
Number of asset objects unloaded after import = 3
========================================================================
Received Import Request.
  Time since last request: 0.000023 seconds.
  path: Assets/Resource/graphics/1x/sprite-93-2.png
  artifactKey: Guid(e04cd844b76389849863b12e127c35e3) Importer(815301076,1909f56bfc062723c751e8b465ee728b)
Start importing Assets/Resource/graphics/1x/sprite-93-2.png using Guid(e04cd844b76389849863b12e127c35e3) Importer(815301076,1909f56bfc062723c751e8b465ee728b)  -> (artifact id: 'cbd690a60832686ff40b9f8d3aa2621e') in 0.017491 seconds
Number of updated asset objects reloaded before import = 0
Number of asset objects unloaded after import = 3
========================================================================
Received Import Request.
  Time since last request: 0.000013 seconds.
  path: Assets/Resource/graphics/1x/sprite-74-0.png
  artifactKey: Guid(c3c8604e22ca80e48a6692feb6a33957) Importer(815301076,1909f56bfc062723c751e8b465ee728b)
Start importing Assets/Resource/graphics/1x/sprite-74-0.png using Guid(c3c8604e22ca80e48a6692feb6a33957) Importer(815301076,1909f56bfc062723c751e8b465ee728b)  -> (artifact id: '3d58dc7181f3c3698c67f222a501cf96') in 0.017650 seconds
Number of updated asset objects reloaded before import = 0
Number of asset objects unloaded after import = 3
========================================================================
Received Import Request.
  Time since last request: 0.000020 seconds.
  path: Assets/Resource/graphics/1x/sprite-72-0.png
  artifactKey: Guid(0b614adfa82a5604691ada9acc741130) Importer(815301076,1909f56bfc062723c751e8b465ee728b)
Start importing Assets/Resource/graphics/1x/sprite-72-0.png using Guid(0b614adfa82a5604691ada9acc741130) Importer(815301076,1909f56bfc062723c751e8b465ee728b)  -> (artifact id: '3c8f44b81005748cee59f8a81962ed5b') in 0.013755 seconds
Number of updated asset objects reloaded before import = 0
Number of asset objects unloaded after import = 3
========================================================================
Received Import Request.
  Time since last request: 0.000015 seconds.
  path: Assets/Resource/graphics/1x/sprite-93-1.png
  artifactKey: Guid(754d084c31b23184da2c022092af0638) Importer(815301076,1909f56bfc062723c751e8b465ee728b)
Start importing Assets/Resource/graphics/1x/sprite-93-1.png using Guid(754d084c31b23184da2c022092af0638) Importer(815301076,1909f56bfc062723c751e8b465ee728b)  -> (artifact id: 'b697757cf3b38ccbf63002c5e3cc3046') in 0.018357 seconds
Number of updated asset objects reloaded before import = 0
Number of asset objects unloaded after import = 3
========================================================================
Received Import Request.
  Time since last request: 2.942444 seconds.
  path: Assets/Resource/sfx/sound-34.ogg
  artifactKey: Guid(37e7ff424a10c89438cbaef8a369ec20) Importer(815301076,1909f56bfc062723c751e8b465ee728b)
Start importing Assets/Resource/sfx/sound-34.ogg using Guid(37e7ff424a10c89438cbaef8a369ec20) Importer(815301076,1909f56bfc062723c751e8b465ee728b)  -> (artifact id: 'f09018ea5ec8db7401724950338d957c') in 0.044370 seconds
Number of updated asset objects reloaded before import = 0
Number of asset objects unloaded after import = 2
========================================================================
Received Import Request.
  Time since last request: 0.000019 seconds.
  path: Assets/Resource/sfx/sound-54.ogg
  artifactKey: Guid(9fc3b6dfda2691042a8454a418ef74f9) Importer(815301076,1909f56bfc062723c751e8b465ee728b)
Start importing Assets/Resource/sfx/sound-54.ogg using Guid(9fc3b6dfda2691042a8454a418ef74f9) Importer(815301076,1909f56bfc062723c751e8b465ee728b)  -> (artifact id: '2596f3ad1cafd5b09763827edca6839e') in 0.014995 seconds
Number of updated asset objects reloaded before import = 0
Number of asset objects unloaded after import = 2
========================================================================
Received Import Request.
  Time since last request: 0.000138 seconds.
  path: Assets/Resource/sfx/sound-51.ogg
  artifactKey: Guid(185dcc73cb764c647bbf6dff2464daeb) Importer(815301076,1909f56bfc062723c751e8b465ee728b)
Start importing Assets/Resource/sfx/sound-51.ogg using Guid(185dcc73cb764c647bbf6dff2464daeb) Importer(815301076,1909f56bfc062723c751e8b465ee728b)  -> (artifact id: 'b60c2df321869f825cb67db45658eccc') in 0.016217 seconds
Number of updated asset objects reloaded before import = 0
Number of asset objects unloaded after import = 2
========================================================================
Received Import Request.
  Time since last request: 0.000023 seconds.
  path: Assets/Resource/sfx/sound-47.ogg
  artifactKey: Guid(06adcd37ad65b0c428d9fc1b93856deb) Importer(815301076,1909f56bfc062723c751e8b465ee728b)
Start importing Assets/Resource/sfx/sound-47.ogg using Guid(06adcd37ad65b0c428d9fc1b93856deb) Importer(815301076,1909f56bfc062723c751e8b465ee728b)  -> (artifact id: '8e845ae99c108a0dd7a84a9adee80590') in 0.039120 seconds
Number of updated asset objects reloaded before import = 0
Number of asset objects unloaded after import = 2
========================================================================
Received Import Request.
  Time since last request: 0.000030 seconds.
  path: Assets/Resource/sfx/sound-58.ogg
  artifactKey: Guid(6d3a2fa128da28045a214c7bb34a387b) Importer(815301076,1909f56bfc062723c751e8b465ee728b)
Start importing Assets/Resource/sfx/sound-58.ogg using Guid(6d3a2fa128da28045a214c7bb34a387b) Importer(815301076,1909f56bfc062723c751e8b465ee728b)  -> (artifact id: '144b448145f4a64d1b53e09122d535f9') in 0.012698 seconds
Number of updated asset objects reloaded before import = 0
Number of asset objects unloaded after import = 2
========================================================================
Received Import Request.
  Time since last request: 0.000012 seconds.
  path: Assets/Resource/sfx/sound-39.ogg
  artifactKey: Guid(0e802e7763209c74c97fc77440ee8a5a) Importer(815301076,1909f56bfc062723c751e8b465ee728b)
Start importing Assets/Resource/sfx/sound-39.ogg using Guid(0e802e7763209c74c97fc77440ee8a5a) Importer(815301076,1909f56bfc062723c751e8b465ee728b)  -> (artifact id: '4f2bbc59c80f0c5cef3a7962cd3f88cd') in 0.064413 seconds
Number of updated asset objects reloaded before import = 0
Number of asset objects unloaded after import = 2
Editor requested this worker to shutdown with reason: Scaling down because of idle timeout
TcpMessagingSession - receive error: operation aborted. errorcode: 995, details: 由于线程退出或应用程序请求，已中止 I/O 操作。
AssetImportWorker is now disconnected from the server
Process exiting
Exiting without the bug reporter. Application will terminate with return code 0