Using pre-set license
Built from '2022.3/release' branch; Version is '2022.3.0f1 (fb119bb0b476) revision 16454043'; Using compiler version '192829333'; Build Type 'Release'
OS: 'Windows 11  (10.0.22631) 64bit CoreCountrySpecific' Language: 'zh' Physical Memory: 32496 MB
BatchMode: 1, IsHumanControllingUs: 0, StartBugReporterOnCrash: 0, Is64bit: 1, IsPro: 1

COMMAND LINE ARGUMENTS:
C:\Program Files\Unity 2022.3.0f1\Editor\Unity.exe
-adb2
-batchMode
-noUpm
-name
AssetImportWorker9
-projectPath
C:/Users/qingyuanzi/Desktop/Memo-Internship
-logFile
Logs/AssetImportWorker9.log
-srvPort
29499
Successfully changed project path to: C:/Users/qingyuanzi/Desktop/Memo-Internship
C:/Users/qingyuanzi/Desktop/Memo-Internship
[UnityMemory] Configuration Parameters - Can be set up in boot.config
    "memorysetup-bucket-allocator-granularity=16"
    "memorysetup-bucket-allocator-bucket-count=8"
    "memorysetup-bucket-allocator-block-size=33554432"
    "memorysetup-bucket-allocator-block-count=8"
    "memorysetup-main-allocator-block-size=16777216"
    "memorysetup-thread-allocator-block-size=16777216"
    "memorysetup-gfx-main-allocator-block-size=16777216"
    "memorysetup-gfx-thread-allocator-block-size=16777216"
    "memorysetup-cache-allocator-block-size=4194304"
    "memorysetup-typetree-allocator-block-size=2097152"
    "memorysetup-profiler-bucket-allocator-granularity=16"
    "memorysetup-profiler-bucket-allocator-bucket-count=8"
    "memorysetup-profiler-bucket-allocator-block-size=33554432"
    "memorysetup-profiler-bucket-allocator-block-count=8"
    "memorysetup-profiler-allocator-block-size=16777216"
    "memorysetup-profiler-editor-allocator-block-size=1048576"
    "memorysetup-temp-allocator-size-main=16777216"
    "memorysetup-job-temp-allocator-block-size=2097152"
    "memorysetup-job-temp-allocator-block-size-background=1048576"
    "memorysetup-job-temp-allocator-reduction-small-platforms=262144"
    "memorysetup-allocator-temp-initial-block-size-main=262144"
    "memorysetup-allocator-temp-initial-block-size-worker=262144"
    "memorysetup-temp-allocator-size-background-worker=32768"
    "memorysetup-temp-allocator-size-job-worker=262144"
    "memorysetup-temp-allocator-size-preload-manager=33554432"
    "memorysetup-temp-allocator-size-nav-mesh-worker=65536"
    "memorysetup-temp-allocator-size-audio-worker=65536"
    "memorysetup-temp-allocator-size-cloud-worker=32768"
    "memorysetup-temp-allocator-size-gi-baking-worker=262144"
    "memorysetup-temp-allocator-size-gfx=262144"
Player connection [51148] Host "[IP] 192.168.229.1 [Port] 0 [Flags] 2 [Guid] 1496042025 [EditorId] 1496042025 [Version] 1048832 [Id] WindowsEditor(7,Qingyuanzi) [Debug] 1 [PackageName] WindowsEditor [ProjectName] Editor" joined multi-casting on [225.0.0.222:54997]...

Player connection [51148] Host "[IP] 192.168.229.1 [Port] 0 [Flags] 2 [Guid] 1496042025 [EditorId] 1496042025 [Version] 1048832 [Id] WindowsEditor(7,Qingyuanzi) [Debug] 1 [PackageName] WindowsEditor [ProjectName] Editor" joined alternative multi-casting on [225.0.0.222:34997]...

Refreshing native plugins compatible for Editor in 8.07 ms, found 4 plugins.
Preloading 0 native plugins for Editor in 0.00 ms.
Initialize engine version: 2022.3.0f1 (fb119bb0b476)
[Subsystems] Discovering subsystems at path C:/Program Files/Unity 2022.3.0f1/Editor/Data/Resources/UnitySubsystems
[Subsystems] Discovering subsystems at path C:/Users/qingyuanzi/Desktop/Memo-Internship/Assets
GfxDevice: creating device client; threaded=0; jobified=0
Direct3D:
    Version:  Direct3D 11.0 [level 11.1]
    Renderer: NVIDIA GeForce RTX 4070 Laptop GPU (ID=0x2820)
    Vendor:   NVIDIA
    VRAM:     7948 MB
    Driver:   31.0.15.5123
Initialize mono
Mono path[0] = 'C:/Program Files/Unity 2022.3.0f1/Editor/Data/Managed'
Mono path[1] = 'C:/Program Files/Unity 2022.3.0f1/Editor/Data/MonoBleedingEdge/lib/mono/unityjit-win32'
Mono config path = 'C:/Program Files/Unity 2022.3.0f1/Editor/Data/MonoBleedingEdge/etc'
Using monoOptions --debugger-agent=transport=dt_socket,embedding=1,server=y,suspend=n,address=127.0.0.1:56156
Begin MonoManager ReloadAssembly
Registering precompiled unity dll's ...
Register platform support module: C:/Program Files/Unity 2022.3.0f1/Editor/Data/PlaybackEngines/WindowsStandaloneSupport/UnityEditor.WindowsStandalone.Extensions.dll
Registered in 0.003762 seconds.
- Loaded All Assemblies, in  0.236 seconds
Native extension for WindowsStandalone target not found
Mono: successfully reloaded assembly
- Finished resetting the current domain, in  0.172 seconds
Domain Reload Profiling: 407ms
	BeginReloadAssembly (74ms)
		ExecutionOrderSort (0ms)
		DisableScriptedObjects (0ms)
		BackupInstance (0ms)
		ReleaseScriptingObjects (0ms)
		CreateAndSetChildDomain (0ms)
	RebuildCommonClasses (27ms)
	RebuildNativeTypeToScriptingClass (8ms)
	initialDomainReloadingComplete (42ms)
	LoadAllAssembliesAndSetupDomain (84ms)
		LoadAssemblies (72ms)
		RebuildTransferFunctionScriptingTraits (0ms)
		AnalyzeDomain (80ms)
			TypeCache.Refresh (79ms)
				TypeCache.ScanAssembly (72ms)
			ScanForSourceGeneratedMonoScriptInfo (0ms)
			ResolveRequiredComponents (0ms)
	FinalizeReload (173ms)
		ReleaseScriptCaches (0ms)
		RebuildScriptCaches (0ms)
		SetupLoadedEditorAssemblies (136ms)
			LogAssemblyErrors (0ms)
			InitializePlatformSupportModulesInManaged (5ms)
			SetLoadedEditorAssemblies (5ms)
			RefreshPlugins (0ms)
			BeforeProcessingInitializeOnLoad (1ms)
			ProcessInitializeOnLoadAttributes (89ms)
			ProcessInitializeOnLoadMethodAttributes (35ms)
			AfterProcessingInitializeOnLoad (0ms)
			EditorAssembliesLoaded (0ms)
		ExecutionOrderSort2 (0ms)
		AwakeInstancesAfterBackupRestoration (0ms)
========================================================================
Worker process is ready to serve import requests
Begin MonoManager ReloadAssembly
Symbol file LoadedFromMemory doesn't match image C:\Users\qingyuanzi\Desktop\Memo-Internship\Library\PackageCache\com.unity.visualscripting@1.8.0\Editor\VisualScripting.Core\Dependencies\YamlDotNet\Unity.VisualScripting.YamlDotNet.dll
Symbol file LoadedFromMemory doesn't match image C:\Users\qingyuanzi\Desktop\Memo-Internship\Library\PackageCache\com.unity.visualscripting@1.8.0\Editor\VisualScripting.Core\Dependencies\DotNetZip\Unity.VisualScripting.IonicZip.dll
- Loaded All Assemblies, in  0.441 seconds
Refreshing native plugins compatible for Editor in 2.86 ms, found 4 plugins.
Native extension for WindowsStandalone target not found
Mono: successfully reloaded assembly
- Finished resetting the current domain, in  0.340 seconds
Domain Reload Profiling: 778ms
	BeginReloadAssembly (80ms)
		ExecutionOrderSort (0ms)
		DisableScriptedObjects (3ms)
		BackupInstance (0ms)
		ReleaseScriptingObjects (0ms)
		CreateAndSetChildDomain (13ms)
	RebuildCommonClasses (20ms)
	RebuildNativeTypeToScriptingClass (7ms)
	initialDomainReloadingComplete (28ms)
	LoadAllAssembliesAndSetupDomain (303ms)
		LoadAssemblies (175ms)
		RebuildTransferFunctionScriptingTraits (0ms)
		AnalyzeDomain (165ms)
			TypeCache.Refresh (152ms)
				TypeCache.ScanAssembly (145ms)
			ScanForSourceGeneratedMonoScriptInfo (11ms)
			ResolveRequiredComponents (2ms)
	FinalizeReload (340ms)
		ReleaseScriptCaches (0ms)
		RebuildScriptCaches (0ms)
		SetupLoadedEditorAssemblies (248ms)
			LogAssemblyErrors (0ms)
			InitializePlatformSupportModulesInManaged (3ms)
			SetLoadedEditorAssemblies (2ms)
			RefreshPlugins (0ms)
			BeforeProcessingInitializeOnLoad (41ms)
			ProcessInitializeOnLoadAttributes (178ms)
			ProcessInitializeOnLoadMethodAttributes (18ms)
			AfterProcessingInitializeOnLoad (5ms)
			EditorAssembliesLoaded (0ms)
		ExecutionOrderSort2 (0ms)
		AwakeInstancesAfterBackupRestoration (5ms)
Launched and connected shader compiler UnityShaderCompiler.exe after 0.06 seconds
Refreshing native plugins compatible for Editor in 3.26 ms, found 4 plugins.
Preloading 0 native plugins for Editor in 0.00 ms.
Unloading 3954 Unused Serialized files (Serialized files now loaded: 0)
Unloading 63 unused Assets / (60.4 KB). Loaded Objects now: 4418.
Memory consumption went from 138.4 MB to 138.3 MB.
Total: 2.362700 ms (FindLiveObjects: 0.161700 ms CreateObjectMapping: 0.057000 ms MarkObjects: 2.041500 ms  DeleteObjects: 0.101800 ms)

AssetImportParameters requested are different than current active one (requested -> active):
  custom:container-demuxer-ogg: 62fdf1f143b41e24485cea50d1cbac27 -> 
  custom:video-codec-MediaFoundation-h265: 746d11721c4dcdbdad8f713fa42b33f4 -> 
  custom:video-decoder-ogg-theora: a1e56fd34408186e4bbccfd4996cb3dc -> 
  custom:framework-win-MediaFoundation: 216162199b28c13a410421893ffa2e32 -> 
  custom:container-demuxer-webm: 4f35f7cbe854078d1ac9338744f61a02 -> 
  custom:container-muxer-webm: aa71ff27fc2769a1b78a27578f13a17b -> 
  custom:video-decoder-webm-vp8: 9c59270c3fd7afecdb556c50c9e8de78 -> 
  custom:AudioImporter_EditorPlatform: d09bf68614088b80899f8185d706f6e7 -> 
  custom:video-encoder-webm-vp8: eb34c28f22e8b96e1ab97ce403110664 -> 
  custom:audio-decoder-ogg-vorbis: bf7c407c2cedff20999df2af8eb42d56 -> 
  custom:audio-encoder-webm-vorbis: bf7c407c2cedff20999df2af8eb42d56 -> 
========================================================================
Received Import Request.
  Time since last request: 48219.370199 seconds.
  path: Assets/Resource/sfx/sound-35.ogg
  artifactKey: Guid(49f37ae6761a1f942a17dd1903ddadd2) Importer(815301076,1909f56bfc062723c751e8b465ee728b)
Start importing Assets/Resource/sfx/sound-35.ogg using Guid(49f37ae6761a1f942a17dd1903ddadd2) Importer(815301076,1909f56bfc062723c751e8b465ee728b)  -> (artifact id: 'a0dafc34c152d5941a0eedf09d78e803') in 0.134665 seconds
Number of updated asset objects reloaded before import = 0
Number of asset objects unloaded after import = 2
========================================================================
Received Import Request.
  Time since last request: 0.000014 seconds.
  path: Assets/Resource/sfx/sound-48.ogg
  artifactKey: Guid(07a15af1eaa5c22419b13acbac85be54) Importer(815301076,1909f56bfc062723c751e8b465ee728b)
Start importing Assets/Resource/sfx/sound-48.ogg using Guid(07a15af1eaa5c22419b13acbac85be54) Importer(815301076,1909f56bfc062723c751e8b465ee728b)  -> (artifact id: 'fdbf27dfc2670837981a6ff3cca6d0be') in 0.035442 seconds
Number of updated asset objects reloaded before import = 0
Number of asset objects unloaded after import = 2
========================================================================
Received Import Request.
  Time since last request: 0.000104 seconds.
  path: Assets/Resource/sfx/sound-60.ogg
  artifactKey: Guid(d7e682a7c1cb11f48a217c6089dc7c34) Importer(815301076,1909f56bfc062723c751e8b465ee728b)
Start importing Assets/Resource/sfx/sound-60.ogg using Guid(d7e682a7c1cb11f48a217c6089dc7c34) Importer(815301076,1909f56bfc062723c751e8b465ee728b)  -> (artifact id: '363fca0f5239179524d5f3235a2a77c3') in 0.064131 seconds
Number of updated asset objects reloaded before import = 0
Number of asset objects unloaded after import = 2
========================================================================
Received Import Request.
  Time since last request: 29677.586737 seconds.
  path: Assets/Resource/graphics/1x/sprite-11-8.png
  artifactKey: Guid(9d835706f1126e34a98211ff6cf90234) Importer(815301076,1909f56bfc062723c751e8b465ee728b)
Start importing Assets/Resource/graphics/1x/sprite-11-8.png using Guid(9d835706f1126e34a98211ff6cf90234) Importer(815301076,1909f56bfc062723c751e8b465ee728b)  -> (artifact id: 'c54628e3ce6fd5439beffa2936b821bb') in 0.211706 seconds
Number of updated asset objects reloaded before import = 0
Number of asset objects unloaded after import = 2
========================================================================
Received Import Request.
  Time since last request: 2652.780546 seconds.
  path: Assets/Resource/graphics/1x/sprite-11-0.png
  artifactKey: Guid(d9be55974e433a54685cbdf41c6bddad) Importer(815301076,1909f56bfc062723c751e8b465ee728b)
Start importing Assets/Resource/graphics/1x/sprite-11-0.png using Guid(d9be55974e433a54685cbdf41c6bddad) Importer(815301076,1909f56bfc062723c751e8b465ee728b)  -> (artifact id: 'd87423304856edf0662a76cb42530730') in 0.106233 seconds
Number of updated asset objects reloaded before import = 0
Number of asset objects unloaded after import = 2
========================================================================
Received Import Request.
  Time since last request: 3805.545921 seconds.
  path: Assets/Resource/graphics/1x/sprite-11-0_0.asset
  artifactKey: Guid(3a61c21e992fa6a49bfd074a5aa40f24) Importer(815301076,1909f56bfc062723c751e8b465ee728b)
Start importing Assets/Resource/graphics/1x/sprite-11-0_0.asset using Guid(3a61c21e992fa6a49bfd074a5aa40f24) Importer(815301076,1909f56bfc062723c751e8b465ee728b)  -> (artifact id: '6824f17f01af69273e4069c2ccbccf15') in 0.211584 seconds
Number of updated asset objects reloaded before import = 0
Number of asset objects unloaded after import = 3
========================================================================
Received Import Request.
  Time since last request: 116.223789 seconds.
  path: Assets/Resource/graphics/1x/sprite-7-0.png
  artifactKey: Guid(795fc4efbb318fa4fa3b2e26ab701098) Importer(815301076,1909f56bfc062723c751e8b465ee728b)
Start importing Assets/Resource/graphics/1x/sprite-7-0.png using Guid(795fc4efbb318fa4fa3b2e26ab701098) Importer(815301076,1909f56bfc062723c751e8b465ee728b)  -> (artifact id: 'c86e796f23dcec7d05a0ab0daef363fe') in 0.030868 seconds
Number of updated asset objects reloaded before import = 0
Number of asset objects unloaded after import = 2
========================================================================
Received Import Request.
  Time since last request: 4405.717314 seconds.
  path: Assets/Resource/graphics/1x/sprite-7-0_0.asset
  artifactKey: Guid(accee0ccaf24f454ba4ef3940bd80436) Importer(815301076,1909f56bfc062723c751e8b465ee728b)
Start importing Assets/Resource/graphics/1x/sprite-7-0_0.asset using Guid(accee0ccaf24f454ba4ef3940bd80436) Importer(815301076,1909f56bfc062723c751e8b465ee728b)  -> (artifact id: '6e68251ea65a9011e27e0d8e284bbac6') in 0.047421 seconds
Number of updated asset objects reloaded before import = 0
Number of asset objects unloaded after import = 3
========================================================================
Received Import Request.
  Time since last request: 44.343069 seconds.
  path: Assets/Resource/graphics/1x/sprite-7-0_0.asset
  artifactKey: Guid(accee0ccaf24f454ba4ef3940bd80436) Importer(815301076,1909f56bfc062723c751e8b465ee728b)
Start importing Assets/Resource/graphics/1x/sprite-7-0_0.asset using Guid(accee0ccaf24f454ba4ef3940bd80436) Importer(815301076,1909f56bfc062723c751e8b465ee728b)  -> (artifact id: '45467763538903c370c95fa05b95811e') in 0.011917 seconds
Number of updated asset objects reloaded before import = 0
Number of asset objects unloaded after import = 3
========================================================================
Received Import Request.
  Time since last request: 49.698949 seconds.
  path: Assets/Resource/graphics/1x/sprite-7-0_0.asset
  artifactKey: Guid(accee0ccaf24f454ba4ef3940bd80436) Importer(815301076,1909f56bfc062723c751e8b465ee728b)
Start importing Assets/Resource/graphics/1x/sprite-7-0_0.asset using Guid(accee0ccaf24f454ba4ef3940bd80436) Importer(815301076,1909f56bfc062723c751e8b465ee728b)  -> (artifact id: '1b4af8f926f63a991deb57275b60386c') in 0.025085 seconds
Number of updated asset objects reloaded before import = 0
Number of asset objects unloaded after import = 3
========================================================================
Received Import Request.
  Time since last request: 18.508007 seconds.
  path: Assets/Resource/graphics/1x/sprite-7-0_0.asset
  artifactKey: Guid(accee0ccaf24f454ba4ef3940bd80436) Importer(815301076,1909f56bfc062723c751e8b465ee728b)
Start importing Assets/Resource/graphics/1x/sprite-7-0_0.asset using Guid(accee0ccaf24f454ba4ef3940bd80436) Importer(815301076,1909f56bfc062723c751e8b465ee728b)  -> (artifact id: 'b32c83b45a1173789f19a18935533027') in 0.012049 seconds
Number of updated asset objects reloaded before import = 0
Number of asset objects unloaded after import = 3
========================================================================
Received Import Request.
  Time since last request: 59.754347 seconds.
  path: Assets/Resource/graphics/1x/sprite-7-0_0.asset
  artifactKey: Guid(accee0ccaf24f454ba4ef3940bd80436) Importer(815301076,1909f56bfc062723c751e8b465ee728b)
Start importing Assets/Resource/graphics/1x/sprite-7-0_0.asset using Guid(accee0ccaf24f454ba4ef3940bd80436) Importer(815301076,1909f56bfc062723c751e8b465ee728b)  -> (artifact id: '941f9d178e780cfaee71039e10eb838f') in 0.004173 seconds
Number of updated asset objects reloaded before import = 0
Number of asset objects unloaded after import = 3
========================================================================
Received Import Request.
  Time since last request: 12.207793 seconds.
  path: Assets/Resource/graphics/1x/sprite-7-0_0.asset
  artifactKey: Guid(accee0ccaf24f454ba4ef3940bd80436) Importer(815301076,1909f56bfc062723c751e8b465ee728b)
Start importing Assets/Resource/graphics/1x/sprite-7-0_0.asset using Guid(accee0ccaf24f454ba4ef3940bd80436) Importer(815301076,1909f56bfc062723c751e8b465ee728b)  -> (artifact id: 'b1574a86a2e9fe1176fa4f64fb3e50a8') in 0.037490 seconds
Number of updated asset objects reloaded before import = 0
Number of asset objects unloaded after import = 3
========================================================================
Received Import Request.
  Time since last request: 167.285809 seconds.
  path: Assets/Resource/graphics/1x/sprite-7-0_0.asset
  artifactKey: Guid(accee0ccaf24f454ba4ef3940bd80436) Importer(815301076,1909f56bfc062723c751e8b465ee728b)
Start importing Assets/Resource/graphics/1x/sprite-7-0_0.asset using Guid(accee0ccaf24f454ba4ef3940bd80436) Importer(815301076,1909f56bfc062723c751e8b465ee728b)  -> (artifact id: 'ba20c924bbbc5d60aebe982d9472095a') in 0.005025 seconds
Number of updated asset objects reloaded before import = 0
Number of asset objects unloaded after import = 3
========================================================================
Received Import Request.
  Time since last request: 10.291218 seconds.
  path: Assets/Resource/graphics/1x/sprite-7-0_0.asset
  artifactKey: Guid(accee0ccaf24f454ba4ef3940bd80436) Importer(815301076,1909f56bfc062723c751e8b465ee728b)
Start importing Assets/Resource/graphics/1x/sprite-7-0_0.asset using Guid(accee0ccaf24f454ba4ef3940bd80436) Importer(815301076,1909f56bfc062723c751e8b465ee728b)  -> (artifact id: '37671923aaf8ddc7a81f085e3e4a78b0') in 0.017028 seconds
Number of updated asset objects reloaded before import = 0
Number of asset objects unloaded after import = 3
